2022-12-17 13:45:44 [background-preinit] INFO  o.h.validator.internal.util.Version - HV000001: Hibernate Validator 6.1.5.Final
2022-12-17 13:45:45 [main] INFO  c.m.demo.config.server.ConfigServer - No active profile set, falling back to default profiles: default
2022-12-17 13:45:45 [main] INFO  o.s.cloud.context.scope.GenericScope - BeanFactory id=9f2b0f5b-a5d0-3e50-ac08-c75b27d86a88
2022-12-17 13:45:46 [main] INFO  o.s.b.w.e.tomcat.TomcatWebServer - Tomcat initialized with port(s): 8888 (http)
2022-12-17 13:45:46 [main] INFO  o.a.coyote.http11.Http11NioProtocol - Initializing ProtocolHandler ["http-nio-8888"]
2022-12-17 13:45:46 [main] INFO  o.a.catalina.core.StandardService - Starting service [Tomcat]
2022-12-17 13:45:46 [main] INFO  o.a.catalina.core.StandardEngine - Starting Servlet engine: [Apache Tomcat/9.0.38]
2022-12-17 13:45:46 [main] INFO  o.a.c.c.C.[Tomcat].[localhost].[/] - Initializing Spring embedded WebApplicationContext
2022-12-17 13:45:46 [main] INFO  o.s.b.w.s.c.ServletWebServerApplicationContext - Root WebApplicationContext: initialization completed in 752 ms
2022-12-17 13:45:46 [main] INFO  o.s.s.c.ThreadPoolTaskExecutor - Initializing ExecutorService 'applicationTaskExecutor'
2022-12-17 13:45:48 [main] INFO  o.s.s.web.DefaultSecurityFilterChain - Creating filter chain: Ant [pattern='/actuator/**'], []
2022-12-17 13:45:48 [main] INFO  o.s.s.web.DefaultSecurityFilterChain - Creating filter chain: Ant [pattern='/encrypt/**'], []
2022-12-17 13:45:48 [main] INFO  o.s.s.web.DefaultSecurityFilterChain - Creating filter chain: Ant [pattern='/decrypt/**'], []
2022-12-17 13:45:48 [main] INFO  o.s.s.web.DefaultSecurityFilterChain - Creating filter chain: any request, [org.springframework.security.web.context.request.async.WebAsyncManagerIntegrationFilter@2a54c92e, org.springframework.security.web.context.SecurityContextPersistenceFilter@6d31f14, org.springframework.security.web.header.HeaderWriterFilter@58021c3c, org.springframework.security.web.csrf.CsrfFilter@1f1fbc9f, org.springframework.security.web.authentication.logout.LogoutFilter@5df7a065, org.springframework.security.web.authentication.UsernamePasswordAuthenticationFilter@51508029, org.springframework.security.web.authentication.ui.DefaultLoginPageGeneratingFilter@8d810f2, org.springframework.security.web.authentication.ui.DefaultLogoutPageGeneratingFilter@31533eb1, org.springframework.security.web.authentication.www.BasicAuthenticationFilter@76dc36e5, org.springframework.security.web.savedrequest.RequestCacheAwareFilter@75e4fe3c, org.springframework.security.web.servletapi.SecurityContextHolderAwareRequestFilter@114b203, org.springframework.security.web.authentication.AnonymousAuthenticationFilter@1fb71788, org.springframework.security.web.session.SessionManagementFilter@1b25d695, org.springframework.security.web.access.ExceptionTranslationFilter@17053b5, org.springframework.security.web.access.intercept.FilterSecurityInterceptor@75bf9e67]
2022-12-17 13:45:48 [main] INFO  o.s.b.a.e.web.EndpointLinksResolver - Exposing 2 endpoint(s) beneath base path '/actuator'
2022-12-17 13:45:48 [main] INFO  o.a.coyote.http11.Http11NioProtocol - Starting ProtocolHandler ["http-nio-8888"]
2022-12-17 13:45:48 [main] INFO  o.s.b.w.e.tomcat.TomcatWebServer - Tomcat started on port(s): 8888 (http) with context path ''
2022-12-17 13:45:48 [main] INFO  c.m.demo.config.server.ConfigServer - Started ConfigServer in 4.253 seconds (JVM running for 5.027)
2022-12-17 13:45:49 [RMI TCP Connection(2)-192.168.56.1] INFO  o.a.c.c.C.[Tomcat].[localhost].[/] - Initializing Spring DispatcherServlet 'dispatcherServlet'
2022-12-17 13:45:49 [RMI TCP Connection(2)-192.168.56.1] INFO  o.s.web.servlet.DispatcherServlet - Initializing Servlet 'dispatcherServlet'
2022-12-17 13:45:49 [RMI TCP Connection(2)-192.168.56.1] INFO  o.s.web.servlet.DispatcherServlet - Completed initialization in 3 ms
2022-12-17 13:47:35 [http-nio-8888-exec-1] INFO  o.s.c.c.s.e.NativeEnvironmentRepository - Adding property source: file:/C:/Users/Sindroma/AppData/Local/Temp/config-repo-4221479458508926874/config-client-twitter_to_kafka.yml
2022-12-17 13:47:35 [http-nio-8888-exec-1] INFO  o.s.c.c.s.e.NativeEnvironmentRepository - Adding property source: file:/C:/Users/Sindroma/AppData/Local/Temp/config-repo-4221479458508926874/config-client.yml
2022-12-17 13:49:48 [http-nio-8888-exec-3] INFO  o.s.c.c.s.e.NativeEnvironmentRepository - Adding property source: file:/C:/Users/Sindroma/AppData/Local/Temp/config-repo-4221479458508926874/config-client-kafka_to_elastic.yml
2022-12-17 13:49:48 [http-nio-8888-exec-3] INFO  o.s.c.c.s.e.NativeEnvironmentRepository - Adding property source: file:/C:/Users/Sindroma/AppData/Local/Temp/config-repo-4221479458508926874/config-client.yml
2022-12-17 13:52:36 [http-nio-8888-exec-5] INFO  o.s.c.c.s.e.NativeEnvironmentRepository - Adding property source: file:/C:/Users/Sindroma/AppData/Local/Temp/config-repo-4221479458508926874/config-client-kafka_to_elastic.yml
2022-12-17 13:52:36 [http-nio-8888-exec-5] INFO  o.s.c.c.s.e.NativeEnvironmentRepository - Adding property source: file:/C:/Users/Sindroma/AppData/Local/Temp/config-repo-4221479458508926874/config-client.yml
2022-12-17 13:54:26 [Thread-3] WARN  o.s.c.c.s.e.MultipleJGitEnvironmentRepository - Failed to delete temporary directory on exit: java.nio.file.AccessDeniedException: C:\Users\Sindroma\AppData\Local\Temp\config-repo-4221479458508926874\.git\objects\pack\pack-e79e7a7ce67ffd271614d5e4e282cea621b60994.idx
2022-12-17 13:54:26 [SpringContextShutdownHook] INFO  o.s.s.c.ThreadPoolTaskExecutor - Shutting down ExecutorService 'applicationTaskExecutor'
2022-12-17 14:00:14 [background-preinit] INFO  o.h.validator.internal.util.Version - HV000001: Hibernate Validator 6.1.5.Final
2022-12-17 14:00:15 [main] INFO  c.m.demo.config.server.ConfigServer - No active profile set, falling back to default profiles: default
2022-12-17 14:00:15 [main] INFO  o.s.cloud.context.scope.GenericScope - BeanFactory id=9f2b0f5b-a5d0-3e50-ac08-c75b27d86a88
2022-12-17 14:00:15 [main] INFO  o.s.b.w.e.tomcat.TomcatWebServer - Tomcat initialized with port(s): 8888 (http)
2022-12-17 14:00:15 [main] INFO  o.a.coyote.http11.Http11NioProtocol - Initializing ProtocolHandler ["http-nio-8888"]
2022-12-17 14:00:15 [main] INFO  o.a.catalina.core.StandardService - Starting service [Tomcat]
2022-12-17 14:00:15 [main] INFO  o.a.catalina.core.StandardEngine - Starting Servlet engine: [Apache Tomcat/9.0.38]
2022-12-17 14:00:15 [main] INFO  o.a.c.c.C.[Tomcat].[localhost].[/] - Initializing Spring embedded WebApplicationContext
2022-12-17 14:00:15 [main] INFO  o.s.b.w.s.c.ServletWebServerApplicationContext - Root WebApplicationContext: initialization completed in 793 ms
2022-12-17 14:00:16 [main] INFO  o.s.s.c.ThreadPoolTaskExecutor - Initializing ExecutorService 'applicationTaskExecutor'
2022-12-17 14:00:17 [main] INFO  o.s.s.web.DefaultSecurityFilterChain - Creating filter chain: Ant [pattern='/actuator/**'], []
2022-12-17 14:00:17 [main] INFO  o.s.s.web.DefaultSecurityFilterChain - Creating filter chain: Ant [pattern='/encrypt/**'], []
2022-12-17 14:00:17 [main] INFO  o.s.s.web.DefaultSecurityFilterChain - Creating filter chain: Ant [pattern='/decrypt/**'], []
2022-12-17 14:00:18 [main] INFO  o.s.s.web.DefaultSecurityFilterChain - Creating filter chain: any request, [org.springframework.security.web.context.request.async.WebAsyncManagerIntegrationFilter@2cadcff6, org.springframework.security.web.context.SecurityContextPersistenceFilter@42a05533, org.springframework.security.web.header.HeaderWriterFilter@338a4c61, org.springframework.security.web.csrf.CsrfFilter@681d704e, org.springframework.security.web.authentication.logout.LogoutFilter@283e1759, org.springframework.security.web.authentication.UsernamePasswordAuthenticationFilter@7ecb9e17, org.springframework.security.web.authentication.ui.DefaultLoginPageGeneratingFilter@77e6761f, org.springframework.security.web.authentication.ui.DefaultLogoutPageGeneratingFilter@76e00bdb, org.springframework.security.web.authentication.www.BasicAuthenticationFilter@79295932, org.springframework.security.web.savedrequest.RequestCacheAwareFilter@3cad24ae, org.springframework.security.web.servletapi.SecurityContextHolderAwareRequestFilter@25216999, org.springframework.security.web.authentication.AnonymousAuthenticationFilter@7ee2423, org.springframework.security.web.session.SessionManagementFilter@71d99732, org.springframework.security.web.access.ExceptionTranslationFilter@164dea80, org.springframework.security.web.access.intercept.FilterSecurityInterceptor@2a075e70]
2022-12-17 14:00:18 [main] INFO  o.s.b.a.e.web.EndpointLinksResolver - Exposing 2 endpoint(s) beneath base path '/actuator'
2022-12-17 14:00:18 [main] INFO  o.a.coyote.http11.Http11NioProtocol - Starting ProtocolHandler ["http-nio-8888"]
2022-12-17 14:00:18 [main] INFO  o.s.b.w.e.tomcat.TomcatWebServer - Tomcat started on port(s): 8888 (http) with context path ''
2022-12-17 14:00:18 [main] INFO  c.m.demo.config.server.ConfigServer - Started ConfigServer in 4.294 seconds (JVM running for 4.822)
2022-12-17 14:00:19 [RMI TCP Connection(3)-192.168.56.1] INFO  o.a.c.c.C.[Tomcat].[localhost].[/] - Initializing Spring DispatcherServlet 'dispatcherServlet'
2022-12-17 14:00:19 [RMI TCP Connection(3)-192.168.56.1] INFO  o.s.web.servlet.DispatcherServlet - Initializing Servlet 'dispatcherServlet'
2022-12-17 14:00:19 [RMI TCP Connection(3)-192.168.56.1] INFO  o.s.web.servlet.DispatcherServlet - Completed initialization in 4 ms
2022-12-17 14:00:27 [http-nio-8888-exec-1] INFO  o.s.c.c.s.e.NativeEnvironmentRepository - Adding property source: file:/C:/Users/Sindroma/AppData/Local/Temp/config-repo-14254447990580845731/config-client-twitter_to_kafka.yml
2022-12-17 14:00:27 [http-nio-8888-exec-1] INFO  o.s.c.c.s.e.NativeEnvironmentRepository - Adding property source: file:/C:/Users/Sindroma/AppData/Local/Temp/config-repo-14254447990580845731/config-client.yml
2022-12-17 14:01:34 [http-nio-8888-exec-3] INFO  o.s.c.c.s.e.NativeEnvironmentRepository - Adding property source: file:/C:/Users/Sindroma/AppData/Local/Temp/config-repo-14254447990580845731/config-client-kafka_to_elastic.yml
2022-12-17 14:01:34 [http-nio-8888-exec-3] INFO  o.s.c.c.s.e.NativeEnvironmentRepository - Adding property source: file:/C:/Users/Sindroma/AppData/Local/Temp/config-repo-14254447990580845731/config-client.yml
2022-12-17 14:01:51 [Thread-3] WARN  o.s.c.c.s.e.MultipleJGitEnvironmentRepository - Failed to delete temporary directory on exit: java.nio.file.AccessDeniedException: C:\Users\Sindroma\AppData\Local\Temp\config-repo-14254447990580845731\.git\objects\pack\pack-e79e7a7ce67ffd271614d5e4e282cea621b60994.idx
2022-12-17 14:01:51 [SpringContextShutdownHook] INFO  o.s.s.c.ThreadPoolTaskExecutor - Shutting down ExecutorService 'applicationTaskExecutor'
2022-12-17 14:08:14 [background-preinit] INFO  o.h.validator.internal.util.Version - HV000001: Hibernate Validator 6.1.5.Final
2022-12-17 14:08:15 [main] INFO  c.m.demo.config.server.ConfigServer - No active profile set, falling back to default profiles: default
2022-12-17 14:08:15 [main] INFO  o.s.cloud.context.scope.GenericScope - BeanFactory id=9f2b0f5b-a5d0-3e50-ac08-c75b27d86a88
2022-12-17 14:08:16 [main] INFO  o.s.b.w.e.tomcat.TomcatWebServer - Tomcat initialized with port(s): 8888 (http)
2022-12-17 14:08:16 [main] INFO  o.a.coyote.http11.Http11NioProtocol - Initializing ProtocolHandler ["http-nio-8888"]
2022-12-17 14:08:16 [main] INFO  o.a.catalina.core.StandardService - Starting service [Tomcat]
2022-12-17 14:08:16 [main] INFO  o.a.catalina.core.StandardEngine - Starting Servlet engine: [Apache Tomcat/9.0.38]
2022-12-17 14:08:16 [main] INFO  o.a.c.c.C.[Tomcat].[localhost].[/] - Initializing Spring embedded WebApplicationContext
2022-12-17 14:08:16 [main] INFO  o.s.b.w.s.c.ServletWebServerApplicationContext - Root WebApplicationContext: initialization completed in 912 ms
2022-12-17 14:08:16 [main] INFO  o.s.s.c.ThreadPoolTaskExecutor - Initializing ExecutorService 'applicationTaskExecutor'
2022-12-17 14:08:18 [main] INFO  o.s.s.web.DefaultSecurityFilterChain - Creating filter chain: Ant [pattern='/actuator/**'], []
2022-12-17 14:08:18 [main] INFO  o.s.s.web.DefaultSecurityFilterChain - Creating filter chain: Ant [pattern='/encrypt/**'], []
2022-12-17 14:08:18 [main] INFO  o.s.s.web.DefaultSecurityFilterChain - Creating filter chain: Ant [pattern='/decrypt/**'], []
2022-12-17 14:08:18 [main] INFO  o.s.s.web.DefaultSecurityFilterChain - Creating filter chain: any request, [org.springframework.security.web.context.request.async.WebAsyncManagerIntegrationFilter@7ee2423, org.springframework.security.web.context.SecurityContextPersistenceFilter@3cad24ae, org.springframework.security.web.header.HeaderWriterFilter@71d99732, org.springframework.security.web.csrf.CsrfFilter@3c3ab672, org.springframework.security.web.authentication.logout.LogoutFilter@30a01dd8, org.springframework.security.web.authentication.UsernamePasswordAuthenticationFilter@75bf9e67, org.springframework.security.web.authentication.ui.DefaultLoginPageGeneratingFilter@45bf93bb, org.springframework.security.web.authentication.ui.DefaultLogoutPageGeneratingFilter@343d1d25, org.springframework.security.web.authentication.www.BasicAuthenticationFilter@76e00bdb, org.springframework.security.web.savedrequest.RequestCacheAwareFilter@18cbc3c2, org.springframework.security.web.servletapi.SecurityContextHolderAwareRequestFilter@5c997de8, org.springframework.security.web.authentication.AnonymousAuthenticationFilter@762da62b, org.springframework.security.web.session.SessionManagementFilter@42a05533, org.springframework.security.web.access.ExceptionTranslationFilter@338a4c61, org.springframework.security.web.access.intercept.FilterSecurityInterceptor@533e2f4]
2022-12-17 14:08:18 [main] INFO  o.s.b.a.e.web.EndpointLinksResolver - Exposing 2 endpoint(s) beneath base path '/actuator'
2022-12-17 14:08:18 [main] INFO  o.a.coyote.http11.Http11NioProtocol - Starting ProtocolHandler ["http-nio-8888"]
2022-12-17 14:08:18 [main] INFO  o.s.b.w.e.tomcat.TomcatWebServer - Tomcat started on port(s): 8888 (http) with context path ''
2022-12-17 14:08:19 [main] INFO  c.m.demo.config.server.ConfigServer - Started ConfigServer in 4.813 seconds (JVM running for 5.433)
2022-12-17 14:08:19 [RMI TCP Connection(2)-192.168.56.1] INFO  o.a.c.c.C.[Tomcat].[localhost].[/] - Initializing Spring DispatcherServlet 'dispatcherServlet'
2022-12-17 14:08:19 [RMI TCP Connection(2)-192.168.56.1] INFO  o.s.web.servlet.DispatcherServlet - Initializing Servlet 'dispatcherServlet'
2022-12-17 14:08:19 [RMI TCP Connection(2)-192.168.56.1] INFO  o.s.web.servlet.DispatcherServlet - Completed initialization in 3 ms
2022-12-17 14:09:16 [http-nio-8888-exec-1] INFO  o.s.c.c.s.e.NativeEnvironmentRepository - Adding property source: file:/C:/Users/Sindroma/AppData/Local/Temp/config-repo-12067958997934327024/config-client-twitter_to_kafka.yml
2022-12-17 14:09:16 [http-nio-8888-exec-1] INFO  o.s.c.c.s.e.NativeEnvironmentRepository - Adding property source: file:/C:/Users/Sindroma/AppData/Local/Temp/config-repo-12067958997934327024/config-client.yml
2022-12-17 14:10:27 [Thread-3] WARN  o.s.c.c.s.e.MultipleJGitEnvironmentRepository - Failed to delete temporary directory on exit: java.nio.file.AccessDeniedException: C:\Users\Sindroma\AppData\Local\Temp\config-repo-12067958997934327024\.git\objects\pack\pack-e79e7a7ce67ffd271614d5e4e282cea621b60994.idx
2022-12-17 14:10:27 [SpringContextShutdownHook] INFO  o.s.s.c.ThreadPoolTaskExecutor - Shutting down ExecutorService 'applicationTaskExecutor'
2022-12-17 14:11:37 [background-preinit] INFO  o.h.validator.internal.util.Version - HV000001: Hibernate Validator 6.1.5.Final
2022-12-17 14:11:37 [main] INFO  c.m.demo.config.server.ConfigServer - No active profile set, falling back to default profiles: default
2022-12-17 14:11:38 [main] INFO  o.s.cloud.context.scope.GenericScope - BeanFactory id=9f2b0f5b-a5d0-3e50-ac08-c75b27d86a88
2022-12-17 14:11:38 [main] INFO  o.s.b.w.e.tomcat.TomcatWebServer - Tomcat initialized with port(s): 8888 (http)
2022-12-17 14:11:38 [main] INFO  o.a.coyote.http11.Http11NioProtocol - Initializing ProtocolHandler ["http-nio-8888"]
2022-12-17 14:11:38 [main] INFO  o.a.catalina.core.StandardService - Starting service [Tomcat]
2022-12-17 14:11:38 [main] INFO  o.a.catalina.core.StandardEngine - Starting Servlet engine: [Apache Tomcat/9.0.38]
2022-12-17 14:11:38 [main] INFO  o.a.c.c.C.[Tomcat].[localhost].[/] - Initializing Spring embedded WebApplicationContext
2022-12-17 14:11:38 [main] INFO  o.s.b.w.s.c.ServletWebServerApplicationContext - Root WebApplicationContext: initialization completed in 798 ms
2022-12-17 14:11:38 [main] INFO  o.s.s.c.ThreadPoolTaskExecutor - Initializing ExecutorService 'applicationTaskExecutor'
2022-12-17 14:11:40 [main] INFO  o.s.s.web.DefaultSecurityFilterChain - Creating filter chain: Ant [pattern='/actuator/**'], []
2022-12-17 14:11:40 [main] INFO  o.s.s.web.DefaultSecurityFilterChain - Creating filter chain: Ant [pattern='/encrypt/**'], []
2022-12-17 14:11:40 [main] INFO  o.s.s.web.DefaultSecurityFilterChain - Creating filter chain: Ant [pattern='/decrypt/**'], []
2022-12-17 14:11:40 [main] INFO  o.s.s.web.DefaultSecurityFilterChain - Creating filter chain: any request, [org.springframework.security.web.context.request.async.WebAsyncManagerIntegrationFilter@76e00bdb, org.springframework.security.web.context.SecurityContextPersistenceFilter@17053b5, org.springframework.security.web.header.HeaderWriterFilter@839755f, org.springframework.security.web.csrf.CsrfFilter@846b47, org.springframework.security.web.authentication.logout.LogoutFilter@2acb1264, org.springframework.security.web.authentication.UsernamePasswordAuthenticationFilter@6475e778, org.springframework.security.web.authentication.ui.DefaultLoginPageGeneratingFilter@5c997de8, org.springframework.security.web.authentication.ui.DefaultLogoutPageGeneratingFilter@7ee2423, org.springframework.security.web.authentication.www.BasicAuthenticationFilter@2cadcff6, org.springframework.security.web.savedrequest.RequestCacheAwareFilter@58021c3c, org.springframework.security.web.servletapi.SecurityContextHolderAwareRequestFilter@77e6761f, org.springframework.security.web.authentication.AnonymousAuthenticationFilter@343d1d25, org.springframework.security.web.session.SessionManagementFilter@2328ec73, org.springframework.security.web.access.ExceptionTranslationFilter@4392362c, org.springframework.security.web.access.intercept.FilterSecurityInterceptor@492c9892]
2022-12-17 14:11:41 [main] INFO  o.s.b.a.e.web.EndpointLinksResolver - Exposing 2 endpoint(s) beneath base path '/actuator'
2022-12-17 14:11:41 [main] INFO  o.a.coyote.http11.Http11NioProtocol - Starting ProtocolHandler ["http-nio-8888"]
2022-12-17 14:11:41 [main] INFO  o.s.b.w.e.tomcat.TomcatWebServer - Tomcat started on port(s): 8888 (http) with context path ''
2022-12-17 14:11:41 [main] INFO  c.m.demo.config.server.ConfigServer - Started ConfigServer in 4.343 seconds (JVM running for 4.889)
2022-12-17 14:11:41 [RMI TCP Connection(2)-192.168.56.1] INFO  o.a.c.c.C.[Tomcat].[localhost].[/] - Initializing Spring DispatcherServlet 'dispatcherServlet'
2022-12-17 14:11:41 [RMI TCP Connection(2)-192.168.56.1] INFO  o.s.web.servlet.DispatcherServlet - Initializing Servlet 'dispatcherServlet'
2022-12-17 14:11:41 [RMI TCP Connection(2)-192.168.56.1] INFO  o.s.web.servlet.DispatcherServlet - Completed initialization in 5 ms
2022-12-17 14:11:48 [http-nio-8888-exec-1] INFO  o.s.c.c.s.e.NativeEnvironmentRepository - Adding property source: file:/C:/Users/Sindroma/AppData/Local/Temp/config-repo-12652515495603337785/config-client-twitter_to_kafka.yml
2022-12-17 14:11:48 [http-nio-8888-exec-1] INFO  o.s.c.c.s.e.NativeEnvironmentRepository - Adding property source: file:/C:/Users/Sindroma/AppData/Local/Temp/config-repo-12652515495603337785/config-client.yml
2022-12-17 14:13:09 [http-nio-8888-exec-3] INFO  o.s.c.c.s.e.NativeEnvironmentRepository - Adding property source: file:/C:/Users/Sindroma/AppData/Local/Temp/config-repo-12652515495603337785/config-client-kafka_to_elastic.yml
2022-12-17 14:13:09 [http-nio-8888-exec-3] INFO  o.s.c.c.s.e.NativeEnvironmentRepository - Adding property source: file:/C:/Users/Sindroma/AppData/Local/Temp/config-repo-12652515495603337785/config-client.yml
2022-12-17 14:13:26 [Thread-3] WARN  o.s.c.c.s.e.MultipleJGitEnvironmentRepository - Failed to delete temporary directory on exit: java.nio.file.AccessDeniedException: C:\Users\Sindroma\AppData\Local\Temp\config-repo-12652515495603337785\.git\objects\pack\pack-e0f2bb0fc5dae35c7e60cc94406dfd562ca734c0.idx
2022-12-17 14:13:26 [SpringContextShutdownHook] INFO  o.s.s.c.ThreadPoolTaskExecutor - Shutting down ExecutorService 'applicationTaskExecutor'
2022-12-17 14:22:06 [background-preinit] INFO  o.h.validator.internal.util.Version - HV000001: Hibernate Validator 6.1.5.Final
2022-12-17 14:22:06 [main] INFO  c.m.demo.config.server.ConfigServer - No active profile set, falling back to default profiles: default
2022-12-17 14:22:07 [main] INFO  o.s.cloud.context.scope.GenericScope - BeanFactory id=9f2b0f5b-a5d0-3e50-ac08-c75b27d86a88
2022-12-17 14:22:07 [main] INFO  o.s.b.w.e.tomcat.TomcatWebServer - Tomcat initialized with port(s): 8888 (http)
2022-12-17 14:22:07 [main] INFO  o.a.coyote.http11.Http11NioProtocol - Initializing ProtocolHandler ["http-nio-8888"]
2022-12-17 14:22:07 [main] INFO  o.a.catalina.core.StandardService - Starting service [Tomcat]
2022-12-17 14:22:07 [main] INFO  o.a.catalina.core.StandardEngine - Starting Servlet engine: [Apache Tomcat/9.0.38]
2022-12-17 14:22:07 [main] INFO  o.a.c.c.C.[Tomcat].[localhost].[/] - Initializing Spring embedded WebApplicationContext
2022-12-17 14:22:07 [main] INFO  o.s.b.w.s.c.ServletWebServerApplicationContext - Root WebApplicationContext: initialization completed in 766 ms
2022-12-17 14:22:07 [main] INFO  o.s.s.c.ThreadPoolTaskExecutor - Initializing ExecutorService 'applicationTaskExecutor'
2022-12-17 14:22:09 [main] INFO  o.s.s.web.DefaultSecurityFilterChain - Creating filter chain: Ant [pattern='/actuator/**'], []
2022-12-17 14:22:09 [main] INFO  o.s.s.web.DefaultSecurityFilterChain - Creating filter chain: Ant [pattern='/encrypt/**'], []
2022-12-17 14:22:09 [main] INFO  o.s.s.web.DefaultSecurityFilterChain - Creating filter chain: Ant [pattern='/decrypt/**'], []
2022-12-17 14:22:09 [main] INFO  o.s.s.web.DefaultSecurityFilterChain - Creating filter chain: any request, [org.springframework.security.web.context.request.async.WebAsyncManagerIntegrationFilter@762da62b, org.springframework.security.web.context.SecurityContextPersistenceFilter@18cbc3c2, org.springframework.security.web.header.HeaderWriterFilter@42a05533, org.springframework.security.web.csrf.CsrfFilter@3d764641, org.springframework.security.web.authentication.logout.LogoutFilter@47b4ac83, org.springframework.security.web.authentication.UsernamePasswordAuthenticationFilter@772f3a3f, org.springframework.security.web.authentication.ui.DefaultLoginPageGeneratingFilter@2f6e92ca, org.springframework.security.web.authentication.ui.DefaultLogoutPageGeneratingFilter@e5c5e6, org.springframework.security.web.authentication.www.BasicAuthenticationFilter@343d1d25, org.springframework.security.web.savedrequest.RequestCacheAwareFilter@4ef8090b, org.springframework.security.web.servletapi.SecurityContextHolderAwareRequestFilter@6b7c4734, org.springframework.security.web.authentication.AnonymousAuthenticationFilter@76dc36e5, org.springframework.security.web.session.SessionManagementFilter@3cad24ae, org.springframework.security.web.access.ExceptionTranslationFilter@71d99732, org.springframework.security.web.access.intercept.FilterSecurityInterceptor@538e74fc]
2022-12-17 14:22:09 [main] INFO  o.s.b.a.e.web.EndpointLinksResolver - Exposing 2 endpoint(s) beneath base path '/actuator'
2022-12-17 14:22:09 [main] INFO  o.a.coyote.http11.Http11NioProtocol - Starting ProtocolHandler ["http-nio-8888"]
2022-12-17 14:22:09 [main] INFO  o.s.b.w.e.tomcat.TomcatWebServer - Tomcat started on port(s): 8888 (http) with context path ''
2022-12-17 14:22:10 [main] INFO  c.m.demo.config.server.ConfigServer - Started ConfigServer in 4.247 seconds (JVM running for 4.899)
2022-12-17 14:22:10 [RMI TCP Connection(2)-192.168.56.1] INFO  o.a.c.c.C.[Tomcat].[localhost].[/] - Initializing Spring DispatcherServlet 'dispatcherServlet'
2022-12-17 14:22:10 [RMI TCP Connection(2)-192.168.56.1] INFO  o.s.web.servlet.DispatcherServlet - Initializing Servlet 'dispatcherServlet'
2022-12-17 14:22:10 [RMI TCP Connection(2)-192.168.56.1] INFO  o.s.web.servlet.DispatcherServlet - Completed initialization in 3 ms
2022-12-17 14:22:18 [http-nio-8888-exec-1] INFO  o.s.c.c.s.e.NativeEnvironmentRepository - Adding property source: file:/C:/Users/Sindroma/AppData/Local/Temp/config-repo-11583401380676515216/config-client-twitter_to_kafka.yml
2022-12-17 14:22:18 [http-nio-8888-exec-1] INFO  o.s.c.c.s.e.NativeEnvironmentRepository - Adding property source: file:/C:/Users/Sindroma/AppData/Local/Temp/config-repo-11583401380676515216/config-client.yml
2022-12-17 14:22:54 [http-nio-8888-exec-3] INFO  o.s.c.c.s.e.NativeEnvironmentRepository - Adding property source: file:/C:/Users/Sindroma/AppData/Local/Temp/config-repo-11583401380676515216/config-client-twitter_to_kafka.yml
2022-12-17 14:22:54 [http-nio-8888-exec-3] INFO  o.s.c.c.s.e.NativeEnvironmentRepository - Adding property source: file:/C:/Users/Sindroma/AppData/Local/Temp/config-repo-11583401380676515216/config-client.yml
2022-12-17 14:24:42 [Thread-3] WARN  o.s.c.c.s.e.MultipleJGitEnvironmentRepository - Failed to delete temporary directory on exit: java.nio.file.AccessDeniedException: C:\Users\Sindroma\AppData\Local\Temp\config-repo-11583401380676515216\.git\objects\pack\pack-e0f2bb0fc5dae35c7e60cc94406dfd562ca734c0.idx
2022-12-17 14:24:42 [SpringContextShutdownHook] INFO  o.s.s.c.ThreadPoolTaskExecutor - Shutting down ExecutorService 'applicationTaskExecutor'
2022-12-17 14:34:39 [background-preinit] INFO  o.h.validator.internal.util.Version - HV000001: Hibernate Validator 6.1.5.Final
2022-12-17 14:34:39 [main] INFO  c.m.demo.config.server.ConfigServer - No active profile set, falling back to default profiles: default
2022-12-17 14:34:40 [main] INFO  o.s.cloud.context.scope.GenericScope - BeanFactory id=9f2b0f5b-a5d0-3e50-ac08-c75b27d86a88
2022-12-17 14:34:40 [main] INFO  o.s.b.w.e.tomcat.TomcatWebServer - Tomcat initialized with port(s): 8888 (http)
2022-12-17 14:34:40 [main] INFO  o.a.coyote.http11.Http11NioProtocol - Initializing ProtocolHandler ["http-nio-8888"]
2022-12-17 14:34:40 [main] INFO  o.a.catalina.core.StandardService - Starting service [Tomcat]
2022-12-17 14:34:40 [main] INFO  o.a.catalina.core.StandardEngine - Starting Servlet engine: [Apache Tomcat/9.0.38]
2022-12-17 14:34:40 [main] INFO  o.a.c.c.C.[Tomcat].[localhost].[/] - Initializing Spring embedded WebApplicationContext
2022-12-17 14:34:40 [main] INFO  o.s.b.w.s.c.ServletWebServerApplicationContext - Root WebApplicationContext: initialization completed in 709 ms
2022-12-17 14:34:40 [main] INFO  o.s.s.c.ThreadPoolTaskExecutor - Initializing ExecutorService 'applicationTaskExecutor'
2022-12-17 14:34:44 [main] INFO  o.s.s.web.DefaultSecurityFilterChain - Creating filter chain: Ant [pattern='/actuator/**'], []
2022-12-17 14:34:44 [main] INFO  o.s.s.web.DefaultSecurityFilterChain - Creating filter chain: Ant [pattern='/encrypt/**'], []
2022-12-17 14:34:44 [main] INFO  o.s.s.web.DefaultSecurityFilterChain - Creating filter chain: Ant [pattern='/decrypt/**'], []
2022-12-17 14:34:44 [main] INFO  o.s.s.web.DefaultSecurityFilterChain - Creating filter chain: any request, [org.springframework.security.web.context.request.async.WebAsyncManagerIntegrationFilter@7ee2423, org.springframework.security.web.context.SecurityContextPersistenceFilter@3cad24ae, org.springframework.security.web.header.HeaderWriterFilter@71d99732, org.springframework.security.web.csrf.CsrfFilter@3c3ab672, org.springframework.security.web.authentication.logout.LogoutFilter@30a01dd8, org.springframework.security.web.authentication.UsernamePasswordAuthenticationFilter@75bf9e67, org.springframework.security.web.authentication.ui.DefaultLoginPageGeneratingFilter@45bf93bb, org.springframework.security.web.authentication.ui.DefaultLogoutPageGeneratingFilter@343d1d25, org.springframework.security.web.authentication.www.BasicAuthenticationFilter@76e00bdb, org.springframework.security.web.savedrequest.RequestCacheAwareFilter@18cbc3c2, org.springframework.security.web.servletapi.SecurityContextHolderAwareRequestFilter@5c997de8, org.springframework.security.web.authentication.AnonymousAuthenticationFilter@762da62b, org.springframework.security.web.session.SessionManagementFilter@42a05533, org.springframework.security.web.access.ExceptionTranslationFilter@338a4c61, org.springframework.security.web.access.intercept.FilterSecurityInterceptor@533e2f4]
2022-12-17 14:34:44 [main] INFO  o.s.b.a.e.web.EndpointLinksResolver - Exposing 2 endpoint(s) beneath base path '/actuator'
2022-12-17 14:34:44 [main] INFO  o.a.coyote.http11.Http11NioProtocol - Starting ProtocolHandler ["http-nio-8888"]
2022-12-17 14:34:44 [main] INFO  o.s.b.w.e.tomcat.TomcatWebServer - Tomcat started on port(s): 8888 (http) with context path ''
2022-12-17 14:34:44 [main] INFO  c.m.demo.config.server.ConfigServer - Started ConfigServer in 5.95 seconds (JVM running for 6.422)
2022-12-17 14:34:45 [RMI TCP Connection(1)-192.168.56.1] INFO  o.a.c.c.C.[Tomcat].[localhost].[/] - Initializing Spring DispatcherServlet 'dispatcherServlet'
2022-12-17 14:34:45 [RMI TCP Connection(1)-192.168.56.1] INFO  o.s.web.servlet.DispatcherServlet - Initializing Servlet 'dispatcherServlet'
2022-12-17 14:34:45 [RMI TCP Connection(1)-192.168.56.1] INFO  o.s.web.servlet.DispatcherServlet - Completed initialization in 3 ms
2022-12-17 14:35:18 [http-nio-8888-exec-8] INFO  o.s.c.c.s.e.NativeEnvironmentRepository - Adding property source: file:/C:/Users/Sindroma/AppData/Local/Temp/config-repo-693874229514010615/config-client-twitter_to_kafka.yml
2022-12-17 14:35:18 [http-nio-8888-exec-8] INFO  o.s.c.c.s.e.NativeEnvironmentRepository - Adding property source: file:/C:/Users/Sindroma/AppData/Local/Temp/config-repo-693874229514010615/config-client.yml
2022-12-17 14:39:33 [http-nio-8888-exec-6] INFO  o.s.c.c.s.e.NativeEnvironmentRepository - Adding property source: file:/C:/Users/Sindroma/AppData/Local/Temp/config-repo-693874229514010615/config-client-twitter_to_kafka.yml
2022-12-17 14:39:33 [http-nio-8888-exec-6] INFO  o.s.c.c.s.e.NativeEnvironmentRepository - Adding property source: file:/C:/Users/Sindroma/AppData/Local/Temp/config-repo-693874229514010615/config-client.yml
2022-12-17 14:40:00 [Thread-3] WARN  o.s.c.c.s.e.MultipleJGitEnvironmentRepository - Failed to delete temporary directory on exit: java.nio.file.AccessDeniedException: C:\Users\Sindroma\AppData\Local\Temp\config-repo-693874229514010615\.git\objects\pack\pack-e0f2bb0fc5dae35c7e60cc94406dfd562ca734c0.idx
2022-12-17 14:40:00 [SpringContextShutdownHook] INFO  o.s.s.c.ThreadPoolTaskExecutor - Shutting down ExecutorService 'applicationTaskExecutor'
2022-12-17 14:44:03 [background-preinit] INFO  o.h.validator.internal.util.Version - HV000001: Hibernate Validator 6.1.5.Final
2022-12-17 14:44:04 [main] INFO  c.m.demo.config.server.ConfigServer - No active profile set, falling back to default profiles: default
2022-12-17 14:44:04 [main] INFO  o.s.cloud.context.scope.GenericScope - BeanFactory id=9f2b0f5b-a5d0-3e50-ac08-c75b27d86a88
2022-12-17 14:44:04 [main] INFO  o.s.b.w.e.tomcat.TomcatWebServer - Tomcat initialized with port(s): 8888 (http)
2022-12-17 14:44:04 [main] INFO  o.a.coyote.http11.Http11NioProtocol - Initializing ProtocolHandler ["http-nio-8888"]
2022-12-17 14:44:04 [main] INFO  o.a.catalina.core.StandardService - Starting service [Tomcat]
2022-12-17 14:44:04 [main] INFO  o.a.catalina.core.StandardEngine - Starting Servlet engine: [Apache Tomcat/9.0.38]
2022-12-17 14:44:04 [main] INFO  o.a.c.c.C.[Tomcat].[localhost].[/] - Initializing Spring embedded WebApplicationContext
2022-12-17 14:44:04 [main] INFO  o.s.b.w.s.c.ServletWebServerApplicationContext - Root WebApplicationContext: initialization completed in 662 ms
2022-12-17 14:44:04 [main] INFO  o.s.s.c.ThreadPoolTaskExecutor - Initializing ExecutorService 'applicationTaskExecutor'
2022-12-17 14:44:06 [main] INFO  o.s.s.web.DefaultSecurityFilterChain - Creating filter chain: Ant [pattern='/actuator/**'], []
2022-12-17 14:44:06 [main] INFO  o.s.s.web.DefaultSecurityFilterChain - Creating filter chain: Ant [pattern='/encrypt/**'], []
2022-12-17 14:44:06 [main] INFO  o.s.s.web.DefaultSecurityFilterChain - Creating filter chain: Ant [pattern='/decrypt/**'], []
2022-12-17 14:44:06 [main] INFO  o.s.s.web.DefaultSecurityFilterChain - Creating filter chain: any request, [org.springframework.security.web.context.request.async.WebAsyncManagerIntegrationFilter@7ee2423, org.springframework.security.web.context.SecurityContextPersistenceFilter@3cad24ae, org.springframework.security.web.header.HeaderWriterFilter@71d99732, org.springframework.security.web.csrf.CsrfFilter@3c3ab672, org.springframework.security.web.authentication.logout.LogoutFilter@30a01dd8, org.springframework.security.web.authentication.UsernamePasswordAuthenticationFilter@75bf9e67, org.springframework.security.web.authentication.ui.DefaultLoginPageGeneratingFilter@45bf93bb, org.springframework.security.web.authentication.ui.DefaultLogoutPageGeneratingFilter@343d1d25, org.springframework.security.web.authentication.www.BasicAuthenticationFilter@76e00bdb, org.springframework.security.web.savedrequest.RequestCacheAwareFilter@18cbc3c2, org.springframework.security.web.servletapi.SecurityContextHolderAwareRequestFilter@5c997de8, org.springframework.security.web.authentication.AnonymousAuthenticationFilter@762da62b, org.springframework.security.web.session.SessionManagementFilter@42a05533, org.springframework.security.web.access.ExceptionTranslationFilter@338a4c61, org.springframework.security.web.access.intercept.FilterSecurityInterceptor@533e2f4]
2022-12-17 14:44:06 [main] INFO  o.s.b.a.e.web.EndpointLinksResolver - Exposing 2 endpoint(s) beneath base path '/actuator'
2022-12-17 14:44:06 [main] INFO  o.a.coyote.http11.Http11NioProtocol - Starting ProtocolHandler ["http-nio-8888"]
2022-12-17 14:44:06 [main] INFO  o.s.b.w.e.tomcat.TomcatWebServer - Tomcat started on port(s): 8888 (http) with context path ''
2022-12-17 14:44:07 [main] INFO  c.m.demo.config.server.ConfigServer - Started ConfigServer in 3.876 seconds (JVM running for 4.34)
2022-12-17 14:44:07 [RMI TCP Connection(3)-192.168.56.1] INFO  o.a.c.c.C.[Tomcat].[localhost].[/] - Initializing Spring DispatcherServlet 'dispatcherServlet'
2022-12-17 14:44:07 [RMI TCP Connection(3)-192.168.56.1] INFO  o.s.web.servlet.DispatcherServlet - Initializing Servlet 'dispatcherServlet'
2022-12-17 14:44:07 [RMI TCP Connection(3)-192.168.56.1] INFO  o.s.web.servlet.DispatcherServlet - Completed initialization in 4 ms
2022-12-17 14:45:32 [http-nio-8888-exec-9] INFO  o.s.c.c.s.e.NativeEnvironmentRepository - Adding property source: file:/C:/Users/Sindroma/AppData/Local/Temp/config-repo-14343620508784455301/config-client-twitter_to_kafka.yml
2022-12-17 14:45:32 [http-nio-8888-exec-9] INFO  o.s.c.c.s.e.NativeEnvironmentRepository - Adding property source: file:/C:/Users/Sindroma/AppData/Local/Temp/config-repo-14343620508784455301/config-client.yml
2022-12-17 14:46:39 [Thread-3] WARN  o.s.c.c.s.e.MultipleJGitEnvironmentRepository - Failed to delete temporary directory on exit: java.nio.file.AccessDeniedException: C:\Users\Sindroma\AppData\Local\Temp\config-repo-14343620508784455301\.git\objects\pack\pack-e0f2bb0fc5dae35c7e60cc94406dfd562ca734c0.idx
2022-12-17 14:46:39 [SpringContextShutdownHook] INFO  o.s.s.c.ThreadPoolTaskExecutor - Shutting down ExecutorService 'applicationTaskExecutor'
