2022-12-20 08:36:34 [background-preinit] INFO  o.h.validator.internal.util.Version - HV000001: Hibernate Validator 6.1.5.Final
2022-12-20 08:36:35 [main] INFO  c.m.demo.config.server.ConfigServer - No active profile set, falling back to default profiles: default
2022-12-20 08:36:38 [main] INFO  o.s.cloud.context.scope.GenericScope - BeanFactory id=2a519873-3bf9-3410-9240-bed5bf7485b8
2022-12-20 08:36:38 [main] INFO  o.s.b.w.e.tomcat.TomcatWebServer - Tomcat initialized with port(s): 8888 (http)
2022-12-20 08:36:38 [main] INFO  o.a.coyote.http11.Http11NioProtocol - Initializing ProtocolHandler ["http-nio-8888"]
2022-12-20 08:36:38 [main] INFO  o.a.catalina.core.StandardService - Starting service [Tomcat]
2022-12-20 08:36:38 [main] INFO  o.a.catalina.core.StandardEngine - Starting Servlet engine: [Apache Tomcat/9.0.38]
2022-12-20 08:36:38 [main] INFO  o.a.c.c.C.[Tomcat].[localhost].[/] - Initializing Spring embedded WebApplicationContext
2022-12-20 08:36:38 [main] INFO  o.s.b.w.s.c.ServletWebServerApplicationContext - Root WebApplicationContext: initialization completed in 3331 ms
2022-12-20 08:36:40 [main] INFO  o.s.s.c.ThreadPoolTaskExecutor - Initializing ExecutorService 'applicationTaskExecutor'
2022-12-20 08:37:43 [background-preinit] INFO  o.h.validator.internal.util.Version - HV000001: Hibernate Validator 6.1.5.Final
2022-12-20 08:37:44 [main] INFO  c.m.demo.config.server.ConfigServer - No active profile set, falling back to default profiles: default
2022-12-20 08:37:48 [main] INFO  o.s.cloud.context.scope.GenericScope - BeanFactory id=2a519873-3bf9-3410-9240-bed5bf7485b8
2022-12-20 08:37:49 [main] INFO  o.s.b.w.e.tomcat.TomcatWebServer - Tomcat initialized with port(s): 8888 (http)
2022-12-20 08:37:49 [main] INFO  o.a.coyote.http11.Http11NioProtocol - Initializing ProtocolHandler ["http-nio-8888"]
2022-12-20 08:37:49 [main] INFO  o.a.catalina.core.StandardService - Starting service [Tomcat]
2022-12-20 08:37:49 [main] INFO  o.a.catalina.core.StandardEngine - Starting Servlet engine: [Apache Tomcat/9.0.38]
2022-12-20 08:37:49 [main] INFO  o.a.c.c.C.[Tomcat].[localhost].[/] - Initializing Spring embedded WebApplicationContext
2022-12-20 08:37:49 [main] INFO  o.s.b.w.s.c.ServletWebServerApplicationContext - Root WebApplicationContext: initialization completed in 4794 ms
2022-12-20 08:37:51 [main] INFO  o.s.s.c.ThreadPoolTaskExecutor - Initializing ExecutorService 'applicationTaskExecutor'
2022-12-20 08:37:57 [main] INFO  o.s.s.web.DefaultSecurityFilterChain - Creating filter chain: Ant [pattern='/actuator/**'], []
2022-12-20 08:37:57 [main] INFO  o.s.s.web.DefaultSecurityFilterChain - Creating filter chain: Ant [pattern='/encrypt/**'], []
2022-12-20 08:37:57 [main] INFO  o.s.s.web.DefaultSecurityFilterChain - Creating filter chain: Ant [pattern='/decrypt/**'], []
2022-12-20 08:37:57 [main] INFO  o.s.s.web.DefaultSecurityFilterChain - Creating filter chain: any request, [org.springframework.security.web.context.request.async.WebAsyncManagerIntegrationFilter@3eb0fd88, org.springframework.security.web.context.SecurityContextPersistenceFilter@7672960e, org.springframework.security.web.header.HeaderWriterFilter@26d24d7a, org.springframework.security.web.csrf.CsrfFilter@c1a74d, org.springframework.security.web.authentication.logout.LogoutFilter@5c25daad, org.springframework.security.web.authentication.UsernamePasswordAuthenticationFilter@174b8d0e, org.springframework.security.web.authentication.ui.DefaultLoginPageGeneratingFilter@22a63740, org.springframework.security.web.authentication.ui.DefaultLogoutPageGeneratingFilter@adc3344, org.springframework.security.web.authentication.www.BasicAuthenticationFilter@6e0d058a, org.springframework.security.web.savedrequest.RequestCacheAwareFilter@79c1ccf7, org.springframework.security.web.servletapi.SecurityContextHolderAwareRequestFilter@4583b617, org.springframework.security.web.authentication.AnonymousAuthenticationFilter@484302ee, org.springframework.security.web.session.SessionManagementFilter@4bab78ce, org.springframework.security.web.access.ExceptionTranslationFilter@a63643e, org.springframework.security.web.access.intercept.FilterSecurityInterceptor@5dce5c03]
2022-12-20 08:37:58 [main] INFO  o.s.b.a.e.web.EndpointLinksResolver - Exposing 2 endpoint(s) beneath base path '/actuator'
2022-12-20 08:37:58 [main] INFO  o.a.coyote.http11.Http11NioProtocol - Starting ProtocolHandler ["http-nio-8888"]
2022-12-20 08:37:58 [main] INFO  o.s.b.w.e.tomcat.TomcatWebServer - Tomcat started on port(s): 8888 (http) with context path ''
2022-12-20 08:37:58 [main] INFO  c.m.demo.config.server.ConfigServer - Started ConfigServer in 16.322 seconds (JVM running for 17.973)
2022-12-20 08:38:45 [http-nio-8888-exec-1] INFO  o.a.c.c.C.[Tomcat].[localhost].[/] - Initializing Spring DispatcherServlet 'dispatcherServlet'
2022-12-20 08:38:45 [http-nio-8888-exec-1] INFO  o.s.web.servlet.DispatcherServlet - Initializing Servlet 'dispatcherServlet'
2022-12-20 08:38:45 [http-nio-8888-exec-1] INFO  o.s.web.servlet.DispatcherServlet - Completed initialization in 6 ms
2022-12-20 08:38:48 [http-nio-8888-exec-2] INFO  o.s.c.c.s.e.NativeEnvironmentRepository - Adding property source: file:/tmp/config-repo-6285204239432985921/config-client-twitter_to_kafka.yml
2022-12-20 08:38:48 [http-nio-8888-exec-2] INFO  o.s.c.c.s.e.NativeEnvironmentRepository - Adding property source: file:/tmp/config-repo-6285204239432985921/config-client.yml
2022-12-20 08:38:53 [http-nio-8888-exec-4] INFO  o.s.c.c.s.e.NativeEnvironmentRepository - Adding property source: file:/tmp/config-repo-6285204239432985921/config-client-elastic_query.yml
2022-12-20 08:38:53 [http-nio-8888-exec-4] INFO  o.s.c.c.s.e.NativeEnvironmentRepository - Adding property source: file:/tmp/config-repo-6285204239432985921/config-client.yml
2022-12-20 08:38:54 [http-nio-8888-exec-6] INFO  o.s.c.c.s.e.NativeEnvironmentRepository - Adding property source: file:/tmp/config-repo-6285204239432985921/config-client-kafka_to_elastic.yml
2022-12-20 08:38:54 [http-nio-8888-exec-6] INFO  o.s.c.c.s.e.NativeEnvironmentRepository - Adding property source: file:/tmp/config-repo-6285204239432985921/config-client.yml
2022-12-20 14:15:14 [background-preinit] INFO  o.h.validator.internal.util.Version - HV000001: Hibernate Validator 6.1.5.Final
2022-12-20 14:15:16 [main] INFO  c.m.demo.config.server.ConfigServer - No active profile set, falling back to default profiles: default
2022-12-20 14:15:21 [main] INFO  o.s.cloud.context.scope.GenericScope - BeanFactory id=2a519873-3bf9-3410-9240-bed5bf7485b8
2022-12-20 14:15:22 [main] INFO  o.s.b.w.e.tomcat.TomcatWebServer - Tomcat initialized with port(s): 8888 (http)
2022-12-20 14:15:22 [main] INFO  o.a.coyote.http11.Http11NioProtocol - Initializing ProtocolHandler ["http-nio-8888"]
2022-12-20 14:15:22 [main] INFO  o.a.catalina.core.StandardService - Starting service [Tomcat]
2022-12-20 14:15:22 [main] INFO  o.a.catalina.core.StandardEngine - Starting Servlet engine: [Apache Tomcat/9.0.38]
2022-12-20 14:15:22 [main] INFO  o.a.c.c.C.[Tomcat].[localhost].[/] - Initializing Spring embedded WebApplicationContext
2022-12-20 14:15:22 [main] INFO  o.s.b.w.s.c.ServletWebServerApplicationContext - Root WebApplicationContext: initialization completed in 6137 ms
2022-12-20 14:15:24 [main] INFO  o.s.s.c.ThreadPoolTaskExecutor - Initializing ExecutorService 'applicationTaskExecutor'
2022-12-20 14:15:33 [main] INFO  o.s.s.web.DefaultSecurityFilterChain - Creating filter chain: Ant [pattern='/actuator/**'], []
2022-12-20 14:15:33 [main] INFO  o.s.s.web.DefaultSecurityFilterChain - Creating filter chain: Ant [pattern='/encrypt/**'], []
2022-12-20 14:15:33 [main] INFO  o.s.s.web.DefaultSecurityFilterChain - Creating filter chain: Ant [pattern='/decrypt/**'], []
2022-12-20 14:15:33 [main] INFO  o.s.s.web.DefaultSecurityFilterChain - Creating filter chain: any request, [org.springframework.security.web.context.request.async.WebAsyncManagerIntegrationFilter@3eb0fd88, org.springframework.security.web.context.SecurityContextPersistenceFilter@7672960e, org.springframework.security.web.header.HeaderWriterFilter@26d24d7a, org.springframework.security.web.csrf.CsrfFilter@c1a74d, org.springframework.security.web.authentication.logout.LogoutFilter@5c25daad, org.springframework.security.web.authentication.UsernamePasswordAuthenticationFilter@174b8d0e, org.springframework.security.web.authentication.ui.DefaultLoginPageGeneratingFilter@22a63740, org.springframework.security.web.authentication.ui.DefaultLogoutPageGeneratingFilter@adc3344, org.springframework.security.web.authentication.www.BasicAuthenticationFilter@6e0d058a, org.springframework.security.web.savedrequest.RequestCacheAwareFilter@79c1ccf7, org.springframework.security.web.servletapi.SecurityContextHolderAwareRequestFilter@4583b617, org.springframework.security.web.authentication.AnonymousAuthenticationFilter@484302ee, org.springframework.security.web.session.SessionManagementFilter@4bab78ce, org.springframework.security.web.access.ExceptionTranslationFilter@a63643e, org.springframework.security.web.access.intercept.FilterSecurityInterceptor@5dce5c03]
2022-12-20 14:15:35 [main] INFO  o.s.b.a.e.web.EndpointLinksResolver - Exposing 2 endpoint(s) beneath base path '/actuator'
2022-12-20 14:15:35 [main] INFO  o.a.coyote.http11.Http11NioProtocol - Starting ProtocolHandler ["http-nio-8888"]
2022-12-20 14:15:36 [main] INFO  o.s.b.w.e.tomcat.TomcatWebServer - Tomcat started on port(s): 8888 (http) with context path ''
2022-12-20 14:15:36 [main] INFO  c.m.demo.config.server.ConfigServer - Started ConfigServer in 23.327 seconds (JVM running for 26.465)
2022-12-20 14:15:47 [http-nio-8888-exec-3] INFO  o.a.c.c.C.[Tomcat].[localhost].[/] - Initializing Spring DispatcherServlet 'dispatcherServlet'
2022-12-20 14:15:47 [http-nio-8888-exec-3] INFO  o.s.web.servlet.DispatcherServlet - Initializing Servlet 'dispatcherServlet'
2022-12-20 14:15:47 [http-nio-8888-exec-3] INFO  o.s.web.servlet.DispatcherServlet - Completed initialization in 10 ms
2022-12-20 14:15:51 [http-nio-8888-exec-1] INFO  o.s.c.c.s.e.NativeEnvironmentRepository - Adding property source: file:/tmp/config-repo-5431994850588245885/config-client-elastic_query.yml
2022-12-20 14:15:51 [http-nio-8888-exec-1] INFO  o.s.c.c.s.e.NativeEnvironmentRepository - Adding property source: file:/tmp/config-repo-5431994850588245885/config-client.yml
2022-12-20 14:16:16 [http-nio-8888-exec-5] INFO  o.s.c.c.s.e.NativeEnvironmentRepository - Adding property source: file:/tmp/config-repo-5431994850588245885/config-client-twitter_to_kafka.yml
2022-12-20 14:16:16 [http-nio-8888-exec-5] INFO  o.s.c.c.s.e.NativeEnvironmentRepository - Adding property source: file:/tmp/config-repo-5431994850588245885/config-client.yml
2022-12-20 14:16:16 [http-nio-8888-exec-4] INFO  o.s.c.c.s.e.NativeEnvironmentRepository - Adding property source: file:/tmp/config-repo-5431994850588245885/config-client-kafka_to_elastic.yml
2022-12-20 14:16:16 [http-nio-8888-exec-4] INFO  o.s.c.c.s.e.NativeEnvironmentRepository - Adding property source: file:/tmp/config-repo-5431994850588245885/config-client.yml
2022-12-20 14:16:24 [http-nio-8888-exec-7] INFO  o.s.c.c.s.e.NativeEnvironmentRepository - Adding property source: file:/tmp/config-repo-5431994850588245885/config-client-elastic_query.yml
2022-12-20 14:16:24 [http-nio-8888-exec-7] INFO  o.s.c.c.s.e.NativeEnvironmentRepository - Adding property source: file:/tmp/config-repo-5431994850588245885/config-client.yml
2022-12-20 14:17:21 [http-nio-8888-exec-3] INFO  o.s.c.c.s.e.NativeEnvironmentRepository - Adding property source: file:/tmp/config-repo-5431994850588245885/config-client-elastic_query_web.yml
2022-12-20 14:17:21 [http-nio-8888-exec-3] INFO  o.s.c.c.s.e.NativeEnvironmentRepository - Adding property source: file:/tmp/config-repo-5431994850588245885/config-client.yml
