2022-12-20 08:38:54 [main] INFO  o.s.c.c.c.ConfigServicePropertySourceLocator - Fetching config from server at : http://config-server:8888
2022-12-20 08:38:54 [main] INFO  o.s.c.c.c.ConfigServicePropertySourceLocator - Located environment: name=kafka-to-elastic-service,config-client, profiles=[kafka_to_elastic], label=null, version=8c9d506e166c45bbc34c753d6547188e80281116, state=null
2022-12-20 08:38:54 [main] INFO  o.s.c.b.c.PropertySourceBootstrapConfiguration - Located property source: [BootstrapPropertySource {name='bootstrapProperties-configClient'}, BootstrapPropertySource {name='bootstrapProperties-https://github.com/eno-lc/spring-cloud-config-server-repository/config-client-kafka_to_elastic.yml'}, BootstrapPropertySource {name='bootstrapProperties-https://github.com/eno-lc/spring-cloud-config-server-repository/config-client.yml'}]
2022-12-20 08:38:54 [main] INFO  c.m.d.k.t.e.s.KafkaToElasticServiceApplication - The following profiles are active: kafka_to_elastic
2022-12-20 08:38:55 [main] INFO  o.s.d.r.c.RepositoryConfigurationDelegate - Bootstrapping Spring Data Elasticsearch repositories in DEFAULT mode.
2022-12-20 08:38:55 [main] INFO  o.s.d.r.c.RepositoryConfigurationDelegate - Finished Spring Data repository scanning in 186ms. Found 1 Elasticsearch repository interfaces.
2022-12-20 08:38:55 [main] INFO  o.s.d.r.c.RepositoryConfigurationDelegate - Bootstrapping Spring Data Reactive Elasticsearch repositories in DEFAULT mode.
2022-12-20 08:38:55 [main] INFO  o.s.d.r.c.RepositoryConfigurationDelegate - Finished Spring Data repository scanning in 12ms. Found 0 Reactive Elasticsearch repository interfaces.
2022-12-20 08:38:56 [main] INFO  o.s.cloud.context.scope.GenericScope - BeanFactory id=ea0c2f47-af3f-3cda-b384-0395509a8776
2022-12-20 08:38:56 [main] INFO  o.s.c.s.PostProcessorRegistrationDelegate$BeanPostProcessorChecker - Bean 'org.springframework.retry.annotation.RetryConfiguration' of type [org.springframework.retry.annotation.RetryConfiguration$$EnhancerBySpringCGLIB$$70f4cdb5] is not eligible for getting processed by all BeanPostProcessors (for example: not eligible for auto-proxying)
2022-12-20 08:38:56 [main] INFO  o.a.k.c.admin.AdminClientConfig - AdminClientConfig values: 
	bootstrap.servers = [kafka-broker-1:9092, kafka-broker-2:9092, kafka-broker-3:9092]
	client.dns.lookup = default
	client.id = 
	connections.max.idle.ms = 300000
	default.api.timeout.ms = 60000
	metadata.max.age.ms = 300000
	metric.reporters = []
	metrics.num.samples = 2
	metrics.recording.level = INFO
	metrics.sample.window.ms = 30000
	receive.buffer.bytes = 65536
	reconnect.backoff.max.ms = 1000
	reconnect.backoff.ms = 50
	request.timeout.ms = 30000
	retries = 2147483647
	retry.backoff.ms = 100
	sasl.client.callback.handler.class = null
	sasl.jaas.config = null
	sasl.kerberos.kinit.cmd = /usr/bin/kinit
	sasl.kerberos.min.time.before.relogin = 60000
	sasl.kerberos.service.name = null
	sasl.kerberos.ticket.renew.jitter = 0.05
	sasl.kerberos.ticket.renew.window.factor = 0.8
	sasl.login.callback.handler.class = null
	sasl.login.class = null
	sasl.login.refresh.buffer.seconds = 300
	sasl.login.refresh.min.period.seconds = 60
	sasl.login.refresh.window.factor = 0.8
	sasl.login.refresh.window.jitter = 0.05
	sasl.mechanism = GSSAPI
	security.protocol = PLAINTEXT
	security.providers = null
	send.buffer.bytes = 131072
	ssl.cipher.suites = null
	ssl.enabled.protocols = [TLSv1.2]
	ssl.endpoint.identification.algorithm = https
	ssl.key.password = null
	ssl.keymanager.algorithm = SunX509
	ssl.keystore.location = null
	ssl.keystore.password = null
	ssl.keystore.type = JKS
	ssl.protocol = TLSv1.2
	ssl.provider = null
	ssl.secure.random.implementation = null
	ssl.trustmanager.algorithm = PKIX
	ssl.truststore.location = null
	ssl.truststore.password = null
	ssl.truststore.type = JKS

2022-12-20 08:38:56 [main] INFO  o.a.kafka.common.utils.AppInfoParser - Kafka version: 2.5.1
2022-12-20 08:38:56 [main] INFO  o.a.kafka.common.utils.AppInfoParser - Kafka commitId: 0efa8fb0f4c73d92
2022-12-20 08:38:56 [main] INFO  o.a.kafka.common.utils.AppInfoParser - Kafka startTimeMs: 1671525536600
2022-12-20 08:38:56 [main] WARN  o.s.data.convert.CustomConversions - Registering converter from class org.springframework.data.geo.Point to interface java.util.Map as writing converter although it doesn't convert to a store-supported type! You might want to check your annotation setup at the converter implementation.
2022-12-20 08:38:56 [main] WARN  o.s.data.convert.CustomConversions - Registering converter from interface java.util.Map to class org.springframework.data.geo.Point as reading converter although it doesn't convert from a store-supported type! You might want to check your annotation setup at the converter implementation.
2022-12-20 08:38:56 [main] WARN  o.s.data.convert.CustomConversions - Registering converter from class org.springframework.data.elasticsearch.core.geo.GeoPoint to interface java.util.Map as writing converter although it doesn't convert to a store-supported type! You might want to check your annotation setup at the converter implementation.
2022-12-20 08:38:56 [main] WARN  o.s.data.convert.CustomConversions - Registering converter from interface java.util.Map to class org.springframework.data.elasticsearch.core.geo.GeoPoint as reading converter although it doesn't convert from a store-supported type! You might want to check your annotation setup at the converter implementation.
2022-12-20 08:38:56 [main] WARN  o.s.data.convert.CustomConversions - Registering converter from class org.springframework.data.geo.Point to interface java.util.Map as writing converter although it doesn't convert to a store-supported type! You might want to check your annotation setup at the converter implementation.
2022-12-20 08:38:56 [main] WARN  o.s.data.convert.CustomConversions - Registering converter from interface java.util.Map to class org.springframework.data.geo.Point as reading converter although it doesn't convert from a store-supported type! You might want to check your annotation setup at the converter implementation.
2022-12-20 08:38:56 [main] WARN  o.s.data.convert.CustomConversions - Registering converter from class org.springframework.data.elasticsearch.core.geo.GeoPoint to interface java.util.Map as writing converter although it doesn't convert to a store-supported type! You might want to check your annotation setup at the converter implementation.
2022-12-20 08:38:56 [main] WARN  o.s.data.convert.CustomConversions - Registering converter from interface java.util.Map to class org.springframework.data.elasticsearch.core.geo.GeoPoint as reading converter although it doesn't convert from a store-supported type! You might want to check your annotation setup at the converter implementation.
2022-12-20 08:38:57 [main] INFO  o.s.d.e.support.VersionInfo - Version Spring Data Elasticsearch: 4.0.4.RELEASE
2022-12-20 08:38:57 [main] INFO  o.s.d.e.support.VersionInfo - Version Elasticsearch Client in build: 7.6.2
2022-12-20 08:38:57 [main] INFO  o.s.d.e.support.VersionInfo - Version Elasticsearch Client used: 7.9.1
2022-12-20 08:38:57 [main] WARN  o.s.d.e.support.VersionInfo - Version mismatch in between Elasticsearch Clients build/use: 7.6.2 - 7.9.1
2022-12-20 08:38:57 [main] INFO  o.s.d.e.support.VersionInfo - Version Elasticsearch cluster: 7.9.1
2022-12-20 08:38:58 [main] INFO  o.s.b.a.s.r.ReactiveUserDetailsServiceAutoConfiguration - 

Using generated security password: b58fcfdb-b081-4ca8-8849-70b5067e47df

2022-12-20 08:38:59 [main] INFO  o.s.b.w.e.netty.NettyWebServer - Netty started on port(s): 8182
2022-12-20 08:38:59 [main] INFO  c.m.d.k.t.e.s.KafkaToElasticServiceApplication - Started KafkaToElasticServiceApplication in 6.146 seconds (JVM running for 6.995)
2022-12-20 08:38:59 [main] INFO  c.m.d.k.a.client.KafkaAdminClient - Reading kafka topic [twitter-topic], attempt 0
2022-12-20 08:38:59 [main] INFO  c.m.d.k.t.e.s.c.i.TwitterKafkaConsumer - Topics with name twitter-topic is ready for operations!
2022-12-20 08:38:59 [main] INFO  o.a.k.c.consumer.ConsumerConfig - ConsumerConfig values: 
	allow.auto.create.topics = true
	auto.commit.interval.ms = 5000
	auto.offset.reset = earliest
	bootstrap.servers = [kafka-broker-1:9092, kafka-broker-2:9092, kafka-broker-3:9092]
	check.crcs = true
	client.dns.lookup = default
	client.id = 
	client.rack = 
	connections.max.idle.ms = 540000
	default.api.timeout.ms = 60000
	enable.auto.commit = false
	exclude.internal.topics = true
	fetch.max.bytes = 52428800
	fetch.max.wait.ms = 500
	fetch.min.bytes = 1
	group.id = twitterTopicListener
	group.instance.id = null
	heartbeat.interval.ms = 3000
	interceptor.classes = []
	internal.leave.group.on.close = true
	isolation.level = read_uncommitted
	key.deserializer = class org.apache.kafka.common.serialization.LongDeserializer
	max.partition.fetch.bytes = 1048576
	max.poll.interval.ms = 300000
	max.poll.records = 500
	metadata.max.age.ms = 300000
	metric.reporters = []
	metrics.num.samples = 2
	metrics.recording.level = INFO
	metrics.sample.window.ms = 30000
	partition.assignment.strategy = [class org.apache.kafka.clients.consumer.RangeAssignor]
	receive.buffer.bytes = 65536
	reconnect.backoff.max.ms = 1000
	reconnect.backoff.ms = 50
	request.timeout.ms = 30000
	retry.backoff.ms = 100
	sasl.client.callback.handler.class = null
	sasl.jaas.config = null
	sasl.kerberos.kinit.cmd = /usr/bin/kinit
	sasl.kerberos.min.time.before.relogin = 60000
	sasl.kerberos.service.name = null
	sasl.kerberos.ticket.renew.jitter = 0.05
	sasl.kerberos.ticket.renew.window.factor = 0.8
	sasl.login.callback.handler.class = null
	sasl.login.class = null
	sasl.login.refresh.buffer.seconds = 300
	sasl.login.refresh.min.period.seconds = 60
	sasl.login.refresh.window.factor = 0.8
	sasl.login.refresh.window.jitter = 0.05
	sasl.mechanism = GSSAPI
	security.protocol = PLAINTEXT
	security.providers = null
	send.buffer.bytes = 131072
	session.timeout.ms = 10000
	ssl.cipher.suites = null
	ssl.enabled.protocols = [TLSv1.2]
	ssl.endpoint.identification.algorithm = https
	ssl.key.password = null
	ssl.keymanager.algorithm = SunX509
	ssl.keystore.location = null
	ssl.keystore.password = null
	ssl.keystore.type = JKS
	ssl.protocol = TLSv1.2
	ssl.provider = null
	ssl.secure.random.implementation = null
	ssl.trustmanager.algorithm = PKIX
	ssl.truststore.location = null
	ssl.truststore.password = null
	ssl.truststore.type = JKS
	value.deserializer = class io.confluent.kafka.serializers.KafkaAvroDeserializer

2022-12-20 08:38:59 [main] INFO  i.c.k.s.KafkaAvroDeserializerConfig - KafkaAvroDeserializerConfig values: 
	bearer.auth.token = [hidden]
	proxy.port = -1
	schema.reflection = false
	auto.register.schemas = true
	max.schemas.per.subject = 1000
	basic.auth.credentials.source = URL
	specific.avro.reader = true
	value.subject.name.strategy = class io.confluent.kafka.serializers.subject.TopicNameStrategy
	schema.registry.url = [http://schema-registry:8081]
	basic.auth.user.info = [hidden]
	proxy.host = 
	use.latest.version = false
	schema.registry.basic.auth.user.info = [hidden]
	bearer.auth.credentials.source = STATIC_TOKEN
	key.subject.name.strategy = class io.confluent.kafka.serializers.subject.TopicNameStrategy

2022-12-20 08:38:59 [main] INFO  o.a.kafka.common.utils.AppInfoParser - Kafka version: 2.5.1
2022-12-20 08:38:59 [main] INFO  o.a.kafka.common.utils.AppInfoParser - Kafka commitId: 0efa8fb0f4c73d92
2022-12-20 08:38:59 [main] INFO  o.a.kafka.common.utils.AppInfoParser - Kafka startTimeMs: 1671525539426
2022-12-20 08:38:59 [main] INFO  o.a.k.clients.consumer.KafkaConsumer - [Consumer clientId=consumer-twitterTopicListener-1, groupId=twitterTopicListener] Subscribed to topic(s): twitter-topic
2022-12-20 08:38:59 [main] INFO  o.s.s.c.ThreadPoolTaskScheduler - Initializing ExecutorService
2022-12-20 08:38:59 [main] INFO  o.a.k.c.consumer.ConsumerConfig - ConsumerConfig values: 
	allow.auto.create.topics = true
	auto.commit.interval.ms = 5000
	auto.offset.reset = earliest
	bootstrap.servers = [kafka-broker-1:9092, kafka-broker-2:9092, kafka-broker-3:9092]
	check.crcs = true
	client.dns.lookup = default
	client.id = 
	client.rack = 
	connections.max.idle.ms = 540000
	default.api.timeout.ms = 60000
	enable.auto.commit = false
	exclude.internal.topics = true
	fetch.max.bytes = 52428800
	fetch.max.wait.ms = 500
	fetch.min.bytes = 1
	group.id = twitterTopicListener
	group.instance.id = null
	heartbeat.interval.ms = 3000
	interceptor.classes = []
	internal.leave.group.on.close = true
	isolation.level = read_uncommitted
	key.deserializer = class org.apache.kafka.common.serialization.LongDeserializer
	max.partition.fetch.bytes = 1048576
	max.poll.interval.ms = 300000
	max.poll.records = 500
	metadata.max.age.ms = 300000
	metric.reporters = []
	metrics.num.samples = 2
	metrics.recording.level = INFO
	metrics.sample.window.ms = 30000
	partition.assignment.strategy = [class org.apache.kafka.clients.consumer.RangeAssignor]
	receive.buffer.bytes = 65536
	reconnect.backoff.max.ms = 1000
	reconnect.backoff.ms = 50
	request.timeout.ms = 30000
	retry.backoff.ms = 100
	sasl.client.callback.handler.class = null
	sasl.jaas.config = null
	sasl.kerberos.kinit.cmd = /usr/bin/kinit
	sasl.kerberos.min.time.before.relogin = 60000
	sasl.kerberos.service.name = null
	sasl.kerberos.ticket.renew.jitter = 0.05
	sasl.kerberos.ticket.renew.window.factor = 0.8
	sasl.login.callback.handler.class = null
	sasl.login.class = null
	sasl.login.refresh.buffer.seconds = 300
	sasl.login.refresh.min.period.seconds = 60
	sasl.login.refresh.window.factor = 0.8
	sasl.login.refresh.window.jitter = 0.05
	sasl.mechanism = GSSAPI
	security.protocol = PLAINTEXT
	security.providers = null
	send.buffer.bytes = 131072
	session.timeout.ms = 10000
	ssl.cipher.suites = null
	ssl.enabled.protocols = [TLSv1.2]
	ssl.endpoint.identification.algorithm = https
	ssl.key.password = null
	ssl.keymanager.algorithm = SunX509
	ssl.keystore.location = null
	ssl.keystore.password = null
	ssl.keystore.type = JKS
	ssl.protocol = TLSv1.2
	ssl.provider = null
	ssl.secure.random.implementation = null
	ssl.trustmanager.algorithm = PKIX
	ssl.truststore.location = null
	ssl.truststore.password = null
	ssl.truststore.type = JKS
	value.deserializer = class io.confluent.kafka.serializers.KafkaAvroDeserializer

2022-12-20 08:38:59 [main] INFO  i.c.k.s.KafkaAvroDeserializerConfig - KafkaAvroDeserializerConfig values: 
	bearer.auth.token = [hidden]
	proxy.port = -1
	schema.reflection = false
	auto.register.schemas = true
	max.schemas.per.subject = 1000
	basic.auth.credentials.source = URL
	specific.avro.reader = true
	value.subject.name.strategy = class io.confluent.kafka.serializers.subject.TopicNameStrategy
	schema.registry.url = [http://schema-registry:8081]
	basic.auth.user.info = [hidden]
	proxy.host = 
	use.latest.version = false
	schema.registry.basic.auth.user.info = [hidden]
	bearer.auth.credentials.source = STATIC_TOKEN
	key.subject.name.strategy = class io.confluent.kafka.serializers.subject.TopicNameStrategy

2022-12-20 08:38:59 [main] INFO  o.a.kafka.common.utils.AppInfoParser - Kafka version: 2.5.1
2022-12-20 08:38:59 [main] INFO  o.a.kafka.common.utils.AppInfoParser - Kafka commitId: 0efa8fb0f4c73d92
2022-12-20 08:38:59 [main] INFO  o.a.kafka.common.utils.AppInfoParser - Kafka startTimeMs: 1671525539446
2022-12-20 08:38:59 [main] INFO  o.a.k.clients.consumer.KafkaConsumer - [Consumer clientId=consumer-twitterTopicListener-2, groupId=twitterTopicListener] Subscribed to topic(s): twitter-topic
2022-12-20 08:38:59 [main] INFO  o.s.s.c.ThreadPoolTaskScheduler - Initializing ExecutorService
2022-12-20 08:38:59 [twitterTopicListener-0-C-1] INFO  org.apache.kafka.clients.Metadata - [Consumer clientId=consumer-twitterTopicListener-1, groupId=twitterTopicListener] Cluster ID: TJmGh1tUQ3KbaQNGv4teZw
2022-12-20 08:38:59 [twitterTopicListener-1-C-1] INFO  org.apache.kafka.clients.Metadata - [Consumer clientId=consumer-twitterTopicListener-2, groupId=twitterTopicListener] Cluster ID: TJmGh1tUQ3KbaQNGv4teZw
2022-12-20 08:39:00 [twitterTopicListener-0-C-1] INFO  o.a.k.c.c.i.AbstractCoordinator - [Consumer clientId=consumer-twitterTopicListener-1, groupId=twitterTopicListener] Discovered group coordinator kafka-broker-2:9092 (id: 2147483645 rack: null)
2022-12-20 08:39:00 [twitterTopicListener-0-C-1] INFO  o.a.k.c.c.i.AbstractCoordinator - [Consumer clientId=consumer-twitterTopicListener-1, groupId=twitterTopicListener] (Re-)joining group
2022-12-20 08:39:00 [twitterTopicListener-1-C-1] INFO  o.a.k.c.c.i.AbstractCoordinator - [Consumer clientId=consumer-twitterTopicListener-2, groupId=twitterTopicListener] Discovered group coordinator kafka-broker-2:9092 (id: 2147483645 rack: null)
2022-12-20 08:39:00 [twitterTopicListener-1-C-1] INFO  o.a.k.c.c.i.AbstractCoordinator - [Consumer clientId=consumer-twitterTopicListener-2, groupId=twitterTopicListener] (Re-)joining group
2022-12-20 08:39:06 [twitterTopicListener-1-C-1] INFO  o.a.k.c.c.i.ConsumerCoordinator - [Consumer clientId=consumer-twitterTopicListener-2, groupId=twitterTopicListener] Finished assignment for group at generation 1: {consumer-twitterTopicListener-1-dd7d0290-9348-4b8f-8c7c-d1f66707d63b=Assignment(partitions=[twitter-topic-0]), consumer-twitterTopicListener-2-0843f448-fc89-4beb-9a5f-392a5effa8f4=Assignment(partitions=[twitter-topic-1])}
2022-12-20 08:39:06 [twitterTopicListener-1-C-1] INFO  o.a.k.c.c.i.AbstractCoordinator - [Consumer clientId=consumer-twitterTopicListener-2, groupId=twitterTopicListener] Successfully joined group with generation 1
2022-12-20 08:39:06 [twitterTopicListener-0-C-1] INFO  o.a.k.c.c.i.AbstractCoordinator - [Consumer clientId=consumer-twitterTopicListener-1, groupId=twitterTopicListener] Successfully joined group with generation 1
2022-12-20 08:39:06 [twitterTopicListener-1-C-1] INFO  o.a.k.c.c.i.ConsumerCoordinator - [Consumer clientId=consumer-twitterTopicListener-2, groupId=twitterTopicListener] Adding newly assigned partitions: twitter-topic-1
2022-12-20 08:39:06 [twitterTopicListener-0-C-1] INFO  o.a.k.c.c.i.ConsumerCoordinator - [Consumer clientId=consumer-twitterTopicListener-1, groupId=twitterTopicListener] Adding newly assigned partitions: twitter-topic-0
2022-12-20 08:39:06 [twitterTopicListener-0-C-1] INFO  o.a.k.c.c.i.ConsumerCoordinator - [Consumer clientId=consumer-twitterTopicListener-1, groupId=twitterTopicListener] Found no committed offset for partition twitter-topic-0
2022-12-20 08:39:06 [twitterTopicListener-1-C-1] INFO  o.a.k.c.c.i.ConsumerCoordinator - [Consumer clientId=consumer-twitterTopicListener-2, groupId=twitterTopicListener] Found no committed offset for partition twitter-topic-1
2022-12-20 08:39:06 [twitterTopicListener-0-C-1] INFO  o.a.k.c.c.i.SubscriptionState - [Consumer clientId=consumer-twitterTopicListener-1, groupId=twitterTopicListener] Resetting offset for partition twitter-topic-0 to offset 0.
2022-12-20 08:39:06 [twitterTopicListener-1-C-1] INFO  o.a.k.c.c.i.SubscriptionState - [Consumer clientId=consumer-twitterTopicListener-2, groupId=twitterTopicListener] Resetting offset for partition twitter-topic-1 to offset 0.
2022-12-20 08:39:06 [twitterTopicListener-0-C-1] INFO  o.s.k.l.KafkaMessageListenerContainer - twitterTopicListener: partitions assigned: [twitter-topic-0]
2022-12-20 08:39:06 [twitterTopicListener-1-C-1] INFO  o.s.k.l.KafkaMessageListenerContainer - twitterTopicListener: partitions assigned: [twitter-topic-1]
2022-12-20 08:40:08 [twitterTopicListener-0-C-1] INFO  c.m.d.k.t.e.s.c.i.TwitterKafkaConsumer - 1 number of message received with keys [1375961552122044417], partitions [0] and offsets [0], sending it to elastic: Thread id 67
2022-12-20 08:40:08 [twitterTopicListener-1-C-1] INFO  c.m.d.k.t.e.s.c.i.TwitterKafkaConsumer - 3 number of message received with keys [1450897584596291584, 17062287, 1319903660000698370], partitions [1, 1, 1] and offsets [0, 1, 2], sending it to elastic: Thread id 69
2022-12-20 08:40:08 [twitterTopicListener-0-C-1] INFO  c.m.d.e.i.c.s.i.TwitterElasticRepositoryIndexClient - Documents indexed successfully with type: com.microservices.demo.elastic.model.index.impl.TwitterIndexModel and ids: [1605120580805877760]
2022-12-20 08:40:08 [twitterTopicListener-0-C-1] INFO  c.m.d.k.t.e.s.c.i.TwitterKafkaConsumer - Documents saved to elasticsearch with ids 1605120580805877760
2022-12-20 08:40:08 [twitterTopicListener-1-C-1] INFO  c.m.d.e.i.c.s.i.TwitterElasticRepositoryIndexClient - Documents indexed successfully with type: com.microservices.demo.elastic.model.index.impl.TwitterIndexModel and ids: [1605120665736347648, 1605120679568805888, 1605120712498237441]
2022-12-20 08:40:08 [twitterTopicListener-1-C-1] INFO  c.m.d.k.t.e.s.c.i.TwitterKafkaConsumer - Documents saved to elasticsearch with ids 1605120665736347648
2022-12-20 08:40:08 [twitterTopicListener-0-C-1] INFO  c.m.d.k.t.e.s.c.i.TwitterKafkaConsumer - 5 number of message received with keys [1298618936276074497, 1431290468231376896, 267264142, 17719592, 94717361], partitions [0, 0, 0, 0, 0] and offsets [1, 2, 3, 4, 5], sending it to elastic: Thread id 67
2022-12-20 08:40:08 [twitterTopicListener-1-C-1] INFO  c.m.d.k.t.e.s.c.i.TwitterKafkaConsumer - 3 number of message received with keys [136034424, 1143436845021376512, 821664354517053444], partitions [1, 1, 1] and offsets [3, 4, 5], sending it to elastic: Thread id 69
2022-12-20 08:40:09 [twitterTopicListener-1-C-1] INFO  c.m.d.e.i.c.s.i.TwitterElasticRepositoryIndexClient - Documents indexed successfully with type: com.microservices.demo.elastic.model.index.impl.TwitterIndexModel and ids: [1605120753669750788, 1605120775601651712, 1605120794551472129]
2022-12-20 08:40:09 [twitterTopicListener-0-C-1] INFO  c.m.d.e.i.c.s.i.TwitterElasticRepositoryIndexClient - Documents indexed successfully with type: com.microservices.demo.elastic.model.index.impl.TwitterIndexModel and ids: [1605120673084735488, 1605120682819751936, 1605120722481057792, 1605120768953589760, 1605120823093706752]
2022-12-20 08:40:09 [twitterTopicListener-1-C-1] INFO  c.m.d.k.t.e.s.c.i.TwitterKafkaConsumer - Documents saved to elasticsearch with ids 1605120753669750788
2022-12-20 08:40:09 [twitterTopicListener-0-C-1] INFO  c.m.d.k.t.e.s.c.i.TwitterKafkaConsumer - Documents saved to elasticsearch with ids 1605120673084735488
2022-12-20 14:16:15 [main] INFO  o.s.c.c.c.ConfigServicePropertySourceLocator - Fetching config from server at : http://config-server:8888
2022-12-20 14:16:17 [main] INFO  o.s.c.c.c.ConfigServicePropertySourceLocator - Located environment: name=kafka-to-elastic-service,config-client, profiles=[kafka_to_elastic], label=null, version=b74d589740e2608455710bcaac2187cb274dd778, state=null
2022-12-20 14:16:17 [main] INFO  o.s.c.b.c.PropertySourceBootstrapConfiguration - Located property source: [BootstrapPropertySource {name='bootstrapProperties-configClient'}, BootstrapPropertySource {name='bootstrapProperties-https://github.com/eno-lc/spring-cloud-config-server-repository/config-client-kafka_to_elastic.yml'}, BootstrapPropertySource {name='bootstrapProperties-https://github.com/eno-lc/spring-cloud-config-server-repository/config-client.yml'}]
2022-12-20 14:16:17 [main] INFO  c.m.d.k.t.e.s.KafkaToElasticServiceApplication - The following profiles are active: kafka_to_elastic
2022-12-20 14:16:17 [main] INFO  o.s.d.r.c.RepositoryConfigurationDelegate - Bootstrapping Spring Data Elasticsearch repositories in DEFAULT mode.
2022-12-20 14:16:18 [main] INFO  o.s.d.r.c.RepositoryConfigurationDelegate - Finished Spring Data repository scanning in 270ms. Found 1 Elasticsearch repository interfaces.
2022-12-20 14:16:18 [main] INFO  o.s.d.r.c.RepositoryConfigurationDelegate - Bootstrapping Spring Data Reactive Elasticsearch repositories in DEFAULT mode.
2022-12-20 14:16:18 [main] INFO  o.s.d.r.c.RepositoryConfigurationDelegate - Finished Spring Data repository scanning in 13ms. Found 0 Reactive Elasticsearch repository interfaces.
2022-12-20 14:16:18 [main] INFO  o.s.cloud.context.scope.GenericScope - BeanFactory id=e42a222c-39aa-38fc-980d-071ea8bd4fe1
2022-12-20 14:16:19 [main] INFO  o.s.c.s.PostProcessorRegistrationDelegate$BeanPostProcessorChecker - Bean 'org.springframework.retry.annotation.RetryConfiguration' of type [org.springframework.retry.annotation.RetryConfiguration$$EnhancerBySpringCGLIB$$5f90aaa3] is not eligible for getting processed by all BeanPostProcessors (for example: not eligible for auto-proxying)
2022-12-20 14:16:19 [main] INFO  o.a.k.c.admin.AdminClientConfig - AdminClientConfig values: 
	bootstrap.servers = [kafka-broker-1:9092, kafka-broker-2:9092, kafka-broker-3:9092]
	client.dns.lookup = default
	client.id = 
	connections.max.idle.ms = 300000
	default.api.timeout.ms = 60000
	metadata.max.age.ms = 300000
	metric.reporters = []
	metrics.num.samples = 2
	metrics.recording.level = INFO
	metrics.sample.window.ms = 30000
	receive.buffer.bytes = 65536
	reconnect.backoff.max.ms = 1000
	reconnect.backoff.ms = 50
	request.timeout.ms = 30000
	retries = 2147483647
	retry.backoff.ms = 100
	sasl.client.callback.handler.class = null
	sasl.jaas.config = null
	sasl.kerberos.kinit.cmd = /usr/bin/kinit
	sasl.kerberos.min.time.before.relogin = 60000
	sasl.kerberos.service.name = null
	sasl.kerberos.ticket.renew.jitter = 0.05
	sasl.kerberos.ticket.renew.window.factor = 0.8
	sasl.login.callback.handler.class = null
	sasl.login.class = null
	sasl.login.refresh.buffer.seconds = 300
	sasl.login.refresh.min.period.seconds = 60
	sasl.login.refresh.window.factor = 0.8
	sasl.login.refresh.window.jitter = 0.05
	sasl.mechanism = GSSAPI
	security.protocol = PLAINTEXT
	security.providers = null
	send.buffer.bytes = 131072
	ssl.cipher.suites = null
	ssl.enabled.protocols = [TLSv1.2]
	ssl.endpoint.identification.algorithm = https
	ssl.key.password = null
	ssl.keymanager.algorithm = SunX509
	ssl.keystore.location = null
	ssl.keystore.password = null
	ssl.keystore.type = JKS
	ssl.protocol = TLSv1.2
	ssl.provider = null
	ssl.secure.random.implementation = null
	ssl.trustmanager.algorithm = PKIX
	ssl.truststore.location = null
	ssl.truststore.password = null
	ssl.truststore.type = JKS

2022-12-20 14:16:19 [main] INFO  o.a.kafka.common.utils.AppInfoParser - Kafka version: 2.5.1
2022-12-20 14:16:19 [main] INFO  o.a.kafka.common.utils.AppInfoParser - Kafka commitId: 0efa8fb0f4c73d92
2022-12-20 14:16:19 [main] INFO  o.a.kafka.common.utils.AppInfoParser - Kafka startTimeMs: 1671545779687
2022-12-20 14:16:20 [main] WARN  o.s.data.convert.CustomConversions - Registering converter from class org.springframework.data.geo.Point to interface java.util.Map as writing converter although it doesn't convert to a store-supported type! You might want to check your annotation setup at the converter implementation.
2022-12-20 14:16:20 [main] WARN  o.s.data.convert.CustomConversions - Registering converter from interface java.util.Map to class org.springframework.data.geo.Point as reading converter although it doesn't convert from a store-supported type! You might want to check your annotation setup at the converter implementation.
2022-12-20 14:16:20 [main] WARN  o.s.data.convert.CustomConversions - Registering converter from class org.springframework.data.elasticsearch.core.geo.GeoPoint to interface java.util.Map as writing converter although it doesn't convert to a store-supported type! You might want to check your annotation setup at the converter implementation.
2022-12-20 14:16:20 [main] WARN  o.s.data.convert.CustomConversions - Registering converter from interface java.util.Map to class org.springframework.data.elasticsearch.core.geo.GeoPoint as reading converter although it doesn't convert from a store-supported type! You might want to check your annotation setup at the converter implementation.
2022-12-20 14:16:20 [main] WARN  o.s.data.convert.CustomConversions - Registering converter from class org.springframework.data.geo.Point to interface java.util.Map as writing converter although it doesn't convert to a store-supported type! You might want to check your annotation setup at the converter implementation.
2022-12-20 14:16:20 [main] WARN  o.s.data.convert.CustomConversions - Registering converter from interface java.util.Map to class org.springframework.data.geo.Point as reading converter although it doesn't convert from a store-supported type! You might want to check your annotation setup at the converter implementation.
2022-12-20 14:16:20 [main] WARN  o.s.data.convert.CustomConversions - Registering converter from class org.springframework.data.elasticsearch.core.geo.GeoPoint to interface java.util.Map as writing converter although it doesn't convert to a store-supported type! You might want to check your annotation setup at the converter implementation.
2022-12-20 14:16:20 [main] WARN  o.s.data.convert.CustomConversions - Registering converter from interface java.util.Map to class org.springframework.data.elasticsearch.core.geo.GeoPoint as reading converter although it doesn't convert from a store-supported type! You might want to check your annotation setup at the converter implementation.
2022-12-20 14:16:21 [main] INFO  o.s.d.e.support.VersionInfo - Version Spring Data Elasticsearch: 4.0.4.RELEASE
2022-12-20 14:16:21 [main] INFO  o.s.d.e.support.VersionInfo - Version Elasticsearch Client in build: 7.6.2
2022-12-20 14:16:21 [main] INFO  o.s.d.e.support.VersionInfo - Version Elasticsearch Client used: 7.9.1
2022-12-20 14:16:21 [main] WARN  o.s.d.e.support.VersionInfo - Version mismatch in between Elasticsearch Clients build/use: 7.6.2 - 7.9.1
2022-12-20 14:16:21 [main] INFO  o.s.d.e.support.VersionInfo - Version Elasticsearch cluster: 7.9.1
2022-12-20 14:16:21 [main] INFO  o.s.b.a.s.r.ReactiveUserDetailsServiceAutoConfiguration - 

Using generated security password: a37043d3-a6bb-4ed2-ad8a-9727ab8c46d3

2022-12-20 14:16:22 [main] INFO  o.s.b.w.e.netty.NettyWebServer - Netty started on port(s): 8182
2022-12-20 14:16:22 [main] INFO  c.m.d.k.t.e.s.KafkaToElasticServiceApplication - Started KafkaToElasticServiceApplication in 7.622 seconds (JVM running for 8.422)
2022-12-20 14:16:22 [main] INFO  c.m.d.k.a.client.KafkaAdminClient - Reading kafka topic [twitter-topic], attempt 0
2022-12-20 14:16:22 [main] INFO  c.m.d.k.t.e.s.c.i.TwitterKafkaConsumer - Topics with name twitter-topic is ready for operations!
2022-12-20 14:16:22 [main] INFO  o.a.k.c.consumer.ConsumerConfig - ConsumerConfig values: 
	allow.auto.create.topics = true
	auto.commit.interval.ms = 5000
	auto.offset.reset = earliest
	bootstrap.servers = [kafka-broker-1:9092, kafka-broker-2:9092, kafka-broker-3:9092]
	check.crcs = true
	client.dns.lookup = default
	client.id = 
	client.rack = 
	connections.max.idle.ms = 540000
	default.api.timeout.ms = 60000
	enable.auto.commit = false
	exclude.internal.topics = true
	fetch.max.bytes = 52428800
	fetch.max.wait.ms = 500
	fetch.min.bytes = 1
	group.id = twitterTopicListener
	group.instance.id = null
	heartbeat.interval.ms = 3000
	interceptor.classes = []
	internal.leave.group.on.close = true
	isolation.level = read_uncommitted
	key.deserializer = class org.apache.kafka.common.serialization.LongDeserializer
	max.partition.fetch.bytes = 1048576
	max.poll.interval.ms = 300000
	max.poll.records = 500
	metadata.max.age.ms = 300000
	metric.reporters = []
	metrics.num.samples = 2
	metrics.recording.level = INFO
	metrics.sample.window.ms = 30000
	partition.assignment.strategy = [class org.apache.kafka.clients.consumer.RangeAssignor]
	receive.buffer.bytes = 65536
	reconnect.backoff.max.ms = 1000
	reconnect.backoff.ms = 50
	request.timeout.ms = 30000
	retry.backoff.ms = 100
	sasl.client.callback.handler.class = null
	sasl.jaas.config = null
	sasl.kerberos.kinit.cmd = /usr/bin/kinit
	sasl.kerberos.min.time.before.relogin = 60000
	sasl.kerberos.service.name = null
	sasl.kerberos.ticket.renew.jitter = 0.05
	sasl.kerberos.ticket.renew.window.factor = 0.8
	sasl.login.callback.handler.class = null
	sasl.login.class = null
	sasl.login.refresh.buffer.seconds = 300
	sasl.login.refresh.min.period.seconds = 60
	sasl.login.refresh.window.factor = 0.8
	sasl.login.refresh.window.jitter = 0.05
	sasl.mechanism = GSSAPI
	security.protocol = PLAINTEXT
	security.providers = null
	send.buffer.bytes = 131072
	session.timeout.ms = 10000
	ssl.cipher.suites = null
	ssl.enabled.protocols = [TLSv1.2]
	ssl.endpoint.identification.algorithm = https
	ssl.key.password = null
	ssl.keymanager.algorithm = SunX509
	ssl.keystore.location = null
	ssl.keystore.password = null
	ssl.keystore.type = JKS
	ssl.protocol = TLSv1.2
	ssl.provider = null
	ssl.secure.random.implementation = null
	ssl.trustmanager.algorithm = PKIX
	ssl.truststore.location = null
	ssl.truststore.password = null
	ssl.truststore.type = JKS
	value.deserializer = class io.confluent.kafka.serializers.KafkaAvroDeserializer

2022-12-20 14:16:22 [main] INFO  i.c.k.s.KafkaAvroDeserializerConfig - KafkaAvroDeserializerConfig values: 
	bearer.auth.token = [hidden]
	proxy.port = -1
	schema.reflection = false
	auto.register.schemas = true
	max.schemas.per.subject = 1000
	basic.auth.credentials.source = URL
	specific.avro.reader = true
	value.subject.name.strategy = class io.confluent.kafka.serializers.subject.TopicNameStrategy
	schema.registry.url = [http://schema-registry:8081]
	basic.auth.user.info = [hidden]
	proxy.host = 
	use.latest.version = false
	schema.registry.basic.auth.user.info = [hidden]
	bearer.auth.credentials.source = STATIC_TOKEN
	key.subject.name.strategy = class io.confluent.kafka.serializers.subject.TopicNameStrategy

2022-12-20 14:16:22 [main] INFO  o.a.kafka.common.utils.AppInfoParser - Kafka version: 2.5.1
2022-12-20 14:16:22 [main] INFO  o.a.kafka.common.utils.AppInfoParser - Kafka commitId: 0efa8fb0f4c73d92
2022-12-20 14:16:22 [main] INFO  o.a.kafka.common.utils.AppInfoParser - Kafka startTimeMs: 1671545782575
2022-12-20 14:16:22 [main] INFO  o.a.k.clients.consumer.KafkaConsumer - [Consumer clientId=consumer-twitterTopicListener-1, groupId=twitterTopicListener] Subscribed to topic(s): twitter-topic
2022-12-20 14:16:22 [main] INFO  o.s.s.c.ThreadPoolTaskScheduler - Initializing ExecutorService
2022-12-20 14:16:22 [main] INFO  o.a.k.c.consumer.ConsumerConfig - ConsumerConfig values: 
	allow.auto.create.topics = true
	auto.commit.interval.ms = 5000
	auto.offset.reset = earliest
	bootstrap.servers = [kafka-broker-1:9092, kafka-broker-2:9092, kafka-broker-3:9092]
	check.crcs = true
	client.dns.lookup = default
	client.id = 
	client.rack = 
	connections.max.idle.ms = 540000
	default.api.timeout.ms = 60000
	enable.auto.commit = false
	exclude.internal.topics = true
	fetch.max.bytes = 52428800
	fetch.max.wait.ms = 500
	fetch.min.bytes = 1
	group.id = twitterTopicListener
	group.instance.id = null
	heartbeat.interval.ms = 3000
	interceptor.classes = []
	internal.leave.group.on.close = true
	isolation.level = read_uncommitted
	key.deserializer = class org.apache.kafka.common.serialization.LongDeserializer
	max.partition.fetch.bytes = 1048576
	max.poll.interval.ms = 300000
	max.poll.records = 500
	metadata.max.age.ms = 300000
	metric.reporters = []
	metrics.num.samples = 2
	metrics.recording.level = INFO
	metrics.sample.window.ms = 30000
	partition.assignment.strategy = [class org.apache.kafka.clients.consumer.RangeAssignor]
	receive.buffer.bytes = 65536
	reconnect.backoff.max.ms = 1000
	reconnect.backoff.ms = 50
	request.timeout.ms = 30000
	retry.backoff.ms = 100
	sasl.client.callback.handler.class = null
	sasl.jaas.config = null
	sasl.kerberos.kinit.cmd = /usr/bin/kinit
	sasl.kerberos.min.time.before.relogin = 60000
	sasl.kerberos.service.name = null
	sasl.kerberos.ticket.renew.jitter = 0.05
	sasl.kerberos.ticket.renew.window.factor = 0.8
	sasl.login.callback.handler.class = null
	sasl.login.class = null
	sasl.login.refresh.buffer.seconds = 300
	sasl.login.refresh.min.period.seconds = 60
	sasl.login.refresh.window.factor = 0.8
	sasl.login.refresh.window.jitter = 0.05
	sasl.mechanism = GSSAPI
	security.protocol = PLAINTEXT
	security.providers = null
	send.buffer.bytes = 131072
	session.timeout.ms = 10000
	ssl.cipher.suites = null
	ssl.enabled.protocols = [TLSv1.2]
	ssl.endpoint.identification.algorithm = https
	ssl.key.password = null
	ssl.keymanager.algorithm = SunX509
	ssl.keystore.location = null
	ssl.keystore.password = null
	ssl.keystore.type = JKS
	ssl.protocol = TLSv1.2
	ssl.provider = null
	ssl.secure.random.implementation = null
	ssl.trustmanager.algorithm = PKIX
	ssl.truststore.location = null
	ssl.truststore.password = null
	ssl.truststore.type = JKS
	value.deserializer = class io.confluent.kafka.serializers.KafkaAvroDeserializer

2022-12-20 14:16:22 [main] INFO  i.c.k.s.KafkaAvroDeserializerConfig - KafkaAvroDeserializerConfig values: 
	bearer.auth.token = [hidden]
	proxy.port = -1
	schema.reflection = false
	auto.register.schemas = true
	max.schemas.per.subject = 1000
	basic.auth.credentials.source = URL
	specific.avro.reader = true
	value.subject.name.strategy = class io.confluent.kafka.serializers.subject.TopicNameStrategy
	schema.registry.url = [http://schema-registry:8081]
	basic.auth.user.info = [hidden]
	proxy.host = 
	use.latest.version = false
	schema.registry.basic.auth.user.info = [hidden]
	bearer.auth.credentials.source = STATIC_TOKEN
	key.subject.name.strategy = class io.confluent.kafka.serializers.subject.TopicNameStrategy

2022-12-20 14:16:22 [main] INFO  o.a.kafka.common.utils.AppInfoParser - Kafka version: 2.5.1
2022-12-20 14:16:22 [main] INFO  o.a.kafka.common.utils.AppInfoParser - Kafka commitId: 0efa8fb0f4c73d92
2022-12-20 14:16:22 [main] INFO  o.a.kafka.common.utils.AppInfoParser - Kafka startTimeMs: 1671545782610
2022-12-20 14:16:22 [main] INFO  o.a.k.clients.consumer.KafkaConsumer - [Consumer clientId=consumer-twitterTopicListener-2, groupId=twitterTopicListener] Subscribed to topic(s): twitter-topic
2022-12-20 14:16:22 [main] INFO  o.s.s.c.ThreadPoolTaskScheduler - Initializing ExecutorService
2022-12-20 14:16:22 [twitterTopicListener-0-C-1] INFO  org.apache.kafka.clients.Metadata - [Consumer clientId=consumer-twitterTopicListener-1, groupId=twitterTopicListener] Cluster ID: TJmGh1tUQ3KbaQNGv4teZw
2022-12-20 14:16:22 [twitterTopicListener-0-C-1] INFO  o.a.k.c.c.i.AbstractCoordinator - [Consumer clientId=consumer-twitterTopicListener-1, groupId=twitterTopicListener] Discovered group coordinator kafka-broker-2:9092 (id: 2147483645 rack: null)
2022-12-20 14:16:22 [twitterTopicListener-0-C-1] INFO  o.a.k.c.c.i.AbstractCoordinator - [Consumer clientId=consumer-twitterTopicListener-1, groupId=twitterTopicListener] (Re-)joining group
2022-12-20 14:16:22 [twitterTopicListener-1-C-1] INFO  org.apache.kafka.clients.Metadata - [Consumer clientId=consumer-twitterTopicListener-2, groupId=twitterTopicListener] Cluster ID: TJmGh1tUQ3KbaQNGv4teZw
2022-12-20 14:16:22 [twitterTopicListener-1-C-1] INFO  o.a.k.c.c.i.AbstractCoordinator - [Consumer clientId=consumer-twitterTopicListener-2, groupId=twitterTopicListener] Discovered group coordinator kafka-broker-2:9092 (id: 2147483645 rack: null)
2022-12-20 14:16:22 [twitterTopicListener-1-C-1] INFO  o.a.k.c.c.i.AbstractCoordinator - [Consumer clientId=consumer-twitterTopicListener-2, groupId=twitterTopicListener] (Re-)joining group
2022-12-20 14:16:25 [twitterTopicListener-1-C-1] INFO  o.a.k.c.c.i.ConsumerCoordinator - [Consumer clientId=consumer-twitterTopicListener-2, groupId=twitterTopicListener] Finished assignment for group at generation 3: {consumer-twitterTopicListener-1-a1dfc6f7-52a2-43d8-876d-2dfec6e03154=Assignment(partitions=[twitter-topic-0]), consumer-twitterTopicListener-2-717bbaad-22ac-42f9-8c92-4bfdf123ceef=Assignment(partitions=[twitter-topic-1])}
2022-12-20 14:16:25 [twitterTopicListener-0-C-1] INFO  o.a.k.c.c.i.AbstractCoordinator - [Consumer clientId=consumer-twitterTopicListener-1, groupId=twitterTopicListener] Successfully joined group with generation 3
2022-12-20 14:16:25 [twitterTopicListener-1-C-1] INFO  o.a.k.c.c.i.AbstractCoordinator - [Consumer clientId=consumer-twitterTopicListener-2, groupId=twitterTopicListener] Successfully joined group with generation 3
2022-12-20 14:16:25 [twitterTopicListener-0-C-1] INFO  o.a.k.c.c.i.ConsumerCoordinator - [Consumer clientId=consumer-twitterTopicListener-1, groupId=twitterTopicListener] Adding newly assigned partitions: twitter-topic-0
2022-12-20 14:16:25 [twitterTopicListener-1-C-1] INFO  o.a.k.c.c.i.ConsumerCoordinator - [Consumer clientId=consumer-twitterTopicListener-2, groupId=twitterTopicListener] Adding newly assigned partitions: twitter-topic-1
2022-12-20 14:16:25 [twitterTopicListener-1-C-1] INFO  o.a.k.c.c.i.ConsumerCoordinator - [Consumer clientId=consumer-twitterTopicListener-2, groupId=twitterTopicListener] Setting offset for partition twitter-topic-1 to the committed offset FetchPosition{offset=6, offsetEpoch=Optional.empty, currentLeader=LeaderAndEpoch{leader=Optional[kafka-broker-3:9092 (id: 3 rack: null)], epoch=absent}}
2022-12-20 14:16:25 [twitterTopicListener-0-C-1] INFO  o.a.k.c.c.i.ConsumerCoordinator - [Consumer clientId=consumer-twitterTopicListener-1, groupId=twitterTopicListener] Setting offset for partition twitter-topic-0 to the committed offset FetchPosition{offset=6, offsetEpoch=Optional.empty, currentLeader=LeaderAndEpoch{leader=Optional[kafka-broker-1:9092 (id: 1 rack: null)], epoch=absent}}
2022-12-20 14:16:25 [twitterTopicListener-0-C-1] INFO  o.s.k.l.KafkaMessageListenerContainer - twitterTopicListener: partitions assigned: [twitter-topic-0]
2022-12-20 14:16:25 [twitterTopicListener-1-C-1] INFO  o.s.k.l.KafkaMessageListenerContainer - twitterTopicListener: partitions assigned: [twitter-topic-1]
2022-12-20 14:17:20 [twitterTopicListener-0-C-1] INFO  c.m.d.k.t.e.s.c.i.TwitterKafkaConsumer - 2 number of message received with keys [1214182219628941312, 1597278665963864068], partitions [0, 0] and offsets [6, 7], sending it to elastic: Thread id 67
2022-12-20 14:17:20 [twitterTopicListener-1-C-1] INFO  c.m.d.k.t.e.s.c.i.TwitterKafkaConsumer - 1 number of message received with keys [1481620143776178183], partitions [1] and offsets [6], sending it to elastic: Thread id 69
2022-12-20 14:17:21 [twitterTopicListener-1-C-1] INFO  c.m.d.e.i.c.s.i.TwitterElasticRepositoryIndexClient - Documents indexed successfully with type: com.microservices.demo.elastic.model.index.impl.TwitterIndexModel and ids: [1605205519291265029]
2022-12-20 14:17:21 [twitterTopicListener-0-C-1] INFO  c.m.d.e.i.c.s.i.TwitterElasticRepositoryIndexClient - Documents indexed successfully with type: com.microservices.demo.elastic.model.index.impl.TwitterIndexModel and ids: [1605205557505409024, 1605205637260054529]
2022-12-20 14:17:21 [twitterTopicListener-1-C-1] INFO  c.m.d.k.t.e.s.c.i.TwitterKafkaConsumer - Documents saved to elasticsearch with ids 1605205519291265029
2022-12-20 14:17:21 [twitterTopicListener-0-C-1] INFO  c.m.d.k.t.e.s.c.i.TwitterKafkaConsumer - Documents saved to elasticsearch with ids 1605205557505409024
2022-12-20 14:17:21 [twitterTopicListener-1-C-1] INFO  c.m.d.k.t.e.s.c.i.TwitterKafkaConsumer - 7 number of message received with keys [1590695829048037376, 1331923092902465536, 1514834842088787973, 1560893747935723523, 2308574444, 1160608953086238721, 1358689554354610176], partitions [1, 1, 1, 1, 1, 1, 1] and offsets [7, 8, 9, 10, 11, 12, 13], sending it to elastic: Thread id 69
2022-12-20 14:17:21 [twitterTopicListener-0-C-1] INFO  c.m.d.k.t.e.s.c.i.TwitterKafkaConsumer - 3 number of message received with keys [129186453, 748950093856903168, 1467248619375972353], partitions [0, 0, 0] and offsets [8, 9, 10], sending it to elastic: Thread id 67
2022-12-20 14:17:21 [twitterTopicListener-1-C-1] INFO  c.m.d.e.i.c.s.i.TwitterElasticRepositoryIndexClient - Documents indexed successfully with type: com.microservices.demo.elastic.model.index.impl.TwitterIndexModel and ids: [1605205559279747072, 1605205585212874760, 1605205593169469441, 1605205637830684672, 1605205652225241088, 1605205659657670656, 1605205688375992320]
2022-12-20 14:17:21 [twitterTopicListener-0-C-1] INFO  c.m.d.e.i.c.s.i.TwitterElasticRepositoryIndexClient - Documents indexed successfully with type: com.microservices.demo.elastic.model.index.impl.TwitterIndexModel and ids: [1605205650040295424, 1605205655018536960, 1605205682986356738]
2022-12-20 14:17:21 [twitterTopicListener-1-C-1] INFO  c.m.d.k.t.e.s.c.i.TwitterKafkaConsumer - Documents saved to elasticsearch with ids 1605205559279747072
2022-12-20 14:17:21 [twitterTopicListener-0-C-1] INFO  c.m.d.k.t.e.s.c.i.TwitterKafkaConsumer - Documents saved to elasticsearch with ids 1605205650040295424
2022-12-20 14:17:54 [twitterTopicListener-1-C-1] INFO  c.m.d.k.t.e.s.c.i.TwitterKafkaConsumer - 2 number of message received with keys [264625791, 1399712464812584964], partitions [1, 1] and offsets [14, 15], sending it to elastic: Thread id 69
2022-12-20 14:17:54 [twitterTopicListener-0-C-1] INFO  c.m.d.k.t.e.s.c.i.TwitterKafkaConsumer - 1 number of message received with keys [730688400], partitions [0] and offsets [11], sending it to elastic: Thread id 67
2022-12-20 14:17:54 [twitterTopicListener-0-C-1] INFO  c.m.d.e.i.c.s.i.TwitterElasticRepositoryIndexClient - Documents indexed successfully with type: com.microservices.demo.elastic.model.index.impl.TwitterIndexModel and ids: [1605205692545388545]
2022-12-20 14:17:54 [twitterTopicListener-1-C-1] INFO  c.m.d.e.i.c.s.i.TwitterElasticRepositoryIndexClient - Documents indexed successfully with type: com.microservices.demo.elastic.model.index.impl.TwitterIndexModel and ids: [1605205685867872256, 1605205698299691008]
2022-12-20 14:17:54 [twitterTopicListener-0-C-1] INFO  c.m.d.k.t.e.s.c.i.TwitterKafkaConsumer - Documents saved to elasticsearch with ids 1605205692545388545
2022-12-20 14:17:54 [twitterTopicListener-1-C-1] INFO  c.m.d.k.t.e.s.c.i.TwitterKafkaConsumer - Documents saved to elasticsearch with ids 1605205685867872256
2022-12-20 14:17:54 [twitterTopicListener-0-C-1] INFO  c.m.d.k.t.e.s.c.i.TwitterKafkaConsumer - 1 number of message received with keys [21156165], partitions [0] and offsets [12], sending it to elastic: Thread id 67
2022-12-20 14:17:54 [twitterTopicListener-1-C-1] INFO  c.m.d.k.t.e.s.c.i.TwitterKafkaConsumer - 2 number of message received with keys [1421560669112053760, 1425239292981415940], partitions [1, 1] and offsets [16, 17], sending it to elastic: Thread id 69
2022-12-20 14:17:54 [twitterTopicListener-1-C-1] INFO  c.m.d.e.i.c.s.i.TwitterElasticRepositoryIndexClient - Documents indexed successfully with type: com.microservices.demo.elastic.model.index.impl.TwitterIndexModel and ids: [1605205700707246083, 1605205724262551554]
2022-12-20 14:17:54 [twitterTopicListener-1-C-1] INFO  c.m.d.k.t.e.s.c.i.TwitterKafkaConsumer - Documents saved to elasticsearch with ids 1605205700707246083
2022-12-20 14:17:54 [twitterTopicListener-0-C-1] INFO  c.m.d.e.i.c.s.i.TwitterElasticRepositoryIndexClient - Documents indexed successfully with type: com.microservices.demo.elastic.model.index.impl.TwitterIndexModel and ids: [1605205704305942528]
2022-12-20 14:17:54 [twitterTopicListener-0-C-1] INFO  c.m.d.k.t.e.s.c.i.TwitterKafkaConsumer - Documents saved to elasticsearch with ids 1605205704305942528
2022-12-20 14:17:54 [twitterTopicListener-1-C-1] INFO  c.m.d.k.t.e.s.c.i.TwitterKafkaConsumer - 7 number of message received with keys [1275116825181925376, 112850365, 124732256, 10826422, 1594644150871261184, 1295353464684347393, 1532620590041153536], partitions [1, 1, 1, 1, 1, 1, 1] and offsets [18, 19, 20, 21, 22, 23, 24], sending it to elastic: Thread id 69
2022-12-20 14:17:54 [twitterTopicListener-0-C-1] INFO  c.m.d.k.t.e.s.c.i.TwitterKafkaConsumer - 2 number of message received with keys [3367647868, 1025004954086387713], partitions [0, 0] and offsets [13, 14], sending it to elastic: Thread id 67
2022-12-20 14:17:54 [twitterTopicListener-1-C-1] INFO  c.m.d.e.i.c.s.i.TwitterElasticRepositoryIndexClient - Documents indexed successfully with type: com.microservices.demo.elastic.model.index.impl.TwitterIndexModel and ids: [1605205734739701760, 1605205761935777793, 1605205761080315904, 1605205771419090945, 1605205786644418561, 1605205793510686720, 1605205827509714950]
2022-12-20 14:17:54 [twitterTopicListener-0-C-1] INFO  c.m.d.e.i.c.s.i.TwitterElasticRepositoryIndexClient - Documents indexed successfully with type: com.microservices.demo.elastic.model.index.impl.TwitterIndexModel and ids: [1605205731065692160, 1605205793007337473]
2022-12-20 14:17:54 [twitterTopicListener-1-C-1] INFO  c.m.d.k.t.e.s.c.i.TwitterKafkaConsumer - Documents saved to elasticsearch with ids 1605205734739701760
2022-12-20 14:17:54 [twitterTopicListener-0-C-1] INFO  c.m.d.k.t.e.s.c.i.TwitterKafkaConsumer - Documents saved to elasticsearch with ids 1605205731065692160
2022-12-20 14:18:11 [twitterTopicListener-0-C-1] INFO  c.m.d.k.t.e.s.c.i.TwitterKafkaConsumer - 1 number of message received with keys [1123632598083932160], partitions [0] and offsets [15], sending it to elastic: Thread id 67
2022-12-20 14:18:11 [twitterTopicListener-1-C-1] INFO  c.m.d.k.t.e.s.c.i.TwitterKafkaConsumer - 3 number of message received with keys [1005945652205907968, 1393260596691234826, 1230149670602756103], partitions [1, 1, 1] and offsets [25, 26, 27], sending it to elastic: Thread id 69
2022-12-20 14:18:11 [twitterTopicListener-1-C-1] INFO  c.m.d.e.i.c.s.i.TwitterElasticRepositoryIndexClient - Documents indexed successfully with type: com.microservices.demo.elastic.model.index.impl.TwitterIndexModel and ids: [1605205829657202692, 1605205832018587648, 1605205835054927872]
2022-12-20 14:18:11 [twitterTopicListener-0-C-1] INFO  c.m.d.e.i.c.s.i.TwitterElasticRepositoryIndexClient - Documents indexed successfully with type: com.microservices.demo.elastic.model.index.impl.TwitterIndexModel and ids: [1605205831896530944]
2022-12-20 14:18:11 [twitterTopicListener-1-C-1] INFO  c.m.d.k.t.e.s.c.i.TwitterKafkaConsumer - Documents saved to elasticsearch with ids 1605205829657202692
2022-12-20 14:18:11 [twitterTopicListener-0-C-1] INFO  c.m.d.k.t.e.s.c.i.TwitterKafkaConsumer - Documents saved to elasticsearch with ids 1605205831896530944
2022-12-20 14:18:11 [twitterTopicListener-1-C-1] INFO  c.m.d.k.t.e.s.c.i.TwitterKafkaConsumer - 1 number of message received with keys [753826383722196992], partitions [1] and offsets [28], sending it to elastic: Thread id 69
2022-12-20 14:18:11 [twitterTopicListener-0-C-1] INFO  c.m.d.k.t.e.s.c.i.TwitterKafkaConsumer - 3 number of message received with keys [1500427541177372674, 2953251591, 133088660], partitions [0, 0, 0] and offsets [16, 17, 18], sending it to elastic: Thread id 67
2022-12-20 14:18:11 [twitterTopicListener-0-C-1] INFO  c.m.d.e.i.c.s.i.TwitterElasticRepositoryIndexClient - Documents indexed successfully with type: com.microservices.demo.elastic.model.index.impl.TwitterIndexModel and ids: [1605205858450870274, 1605205863744110593, 1605205865866354689]
2022-12-20 14:18:11 [twitterTopicListener-1-C-1] INFO  c.m.d.e.i.c.s.i.TwitterElasticRepositoryIndexClient - Documents indexed successfully with type: com.microservices.demo.elastic.model.index.impl.TwitterIndexModel and ids: [1605205851924750338]
2022-12-20 14:18:11 [twitterTopicListener-0-C-1] INFO  c.m.d.k.t.e.s.c.i.TwitterKafkaConsumer - Documents saved to elasticsearch with ids 1605205858450870274
2022-12-20 14:18:11 [twitterTopicListener-1-C-1] INFO  c.m.d.k.t.e.s.c.i.TwitterKafkaConsumer - Documents saved to elasticsearch with ids 1605205851924750338
2022-12-20 14:18:11 [twitterTopicListener-0-C-1] INFO  c.m.d.k.t.e.s.c.i.TwitterKafkaConsumer - 3 number of message received with keys [633851625, 1375961552122044417, 2906509104], partitions [0, 0, 0] and offsets [19, 20, 21], sending it to elastic: Thread id 67
2022-12-20 14:18:11 [twitterTopicListener-1-C-1] INFO  c.m.d.k.t.e.s.c.i.TwitterKafkaConsumer - 1 number of message received with keys [1281969232851251201], partitions [1] and offsets [29], sending it to elastic: Thread id 69
2022-12-20 14:18:11 [twitterTopicListener-0-C-1] INFO  c.m.d.e.i.c.s.i.TwitterElasticRepositoryIndexClient - Documents indexed successfully with type: com.microservices.demo.elastic.model.index.impl.TwitterIndexModel and ids: [1605205888213590017, 1605205891774414848, 1605205897323892737]
2022-12-20 14:18:11 [twitterTopicListener-1-C-1] INFO  c.m.d.e.i.c.s.i.TwitterElasticRepositoryIndexClient - Documents indexed successfully with type: com.microservices.demo.elastic.model.index.impl.TwitterIndexModel and ids: [1605205870207709185]
2022-12-20 14:18:11 [twitterTopicListener-0-C-1] INFO  c.m.d.k.t.e.s.c.i.TwitterKafkaConsumer - Documents saved to elasticsearch with ids 1605205888213590017
2022-12-20 14:18:11 [twitterTopicListener-1-C-1] INFO  c.m.d.k.t.e.s.c.i.TwitterKafkaConsumer - Documents saved to elasticsearch with ids 1605205870207709185
2022-12-20 14:18:34 [twitterTopicListener-0-C-1] INFO  c.m.d.k.t.e.s.c.i.TwitterKafkaConsumer - 2 number of message received with keys [1565111397179990016, 1176290919601061888], partitions [0, 0] and offsets [22, 23], sending it to elastic: Thread id 67
2022-12-20 14:18:34 [twitterTopicListener-1-C-1] INFO  c.m.d.k.t.e.s.c.i.TwitterKafkaConsumer - 1 number of message received with keys [190097582], partitions [1] and offsets [30], sending it to elastic: Thread id 69
2022-12-20 14:18:34 [twitterTopicListener-1-C-1] INFO  c.m.d.e.i.c.s.i.TwitterElasticRepositoryIndexClient - Documents indexed successfully with type: com.microservices.demo.elastic.model.index.impl.TwitterIndexModel and ids: [1605205901971173376]
2022-12-20 14:18:34 [twitterTopicListener-0-C-1] INFO  c.m.d.e.i.c.s.i.TwitterElasticRepositoryIndexClient - Documents indexed successfully with type: com.microservices.demo.elastic.model.index.impl.TwitterIndexModel and ids: [1605205898733195269, 1605205906526179329]
2022-12-20 14:18:34 [twitterTopicListener-1-C-1] INFO  c.m.d.k.t.e.s.c.i.TwitterKafkaConsumer - Documents saved to elasticsearch with ids 1605205901971173376
2022-12-20 14:18:34 [twitterTopicListener-0-C-1] INFO  c.m.d.k.t.e.s.c.i.TwitterKafkaConsumer - Documents saved to elasticsearch with ids 1605205898733195269
2022-12-20 14:18:34 [twitterTopicListener-0-C-1] INFO  c.m.d.k.t.e.s.c.i.TwitterKafkaConsumer - 1 number of message received with keys [1597278665963864068], partitions [0] and offsets [24], sending it to elastic: Thread id 67
2022-12-20 14:18:34 [twitterTopicListener-1-C-1] INFO  c.m.d.k.t.e.s.c.i.TwitterKafkaConsumer - 2 number of message received with keys [1583181620919603226, 1386898615], partitions [1, 1] and offsets [31, 32], sending it to elastic: Thread id 69
2022-12-20 14:18:34 [twitterTopicListener-0-C-1] INFO  c.m.d.e.i.c.s.i.TwitterElasticRepositoryIndexClient - Documents indexed successfully with type: com.microservices.demo.elastic.model.index.impl.TwitterIndexModel and ids: [1605205916315533315]
2022-12-20 14:18:34 [twitterTopicListener-1-C-1] INFO  c.m.d.e.i.c.s.i.TwitterElasticRepositoryIndexClient - Documents indexed successfully with type: com.microservices.demo.elastic.model.index.impl.TwitterIndexModel and ids: [1605205924129423363, 1605205946531467266]
2022-12-20 14:18:34 [twitterTopicListener-0-C-1] INFO  c.m.d.k.t.e.s.c.i.TwitterKafkaConsumer - Documents saved to elasticsearch with ids 1605205916315533315
2022-12-20 14:18:34 [twitterTopicListener-1-C-1] INFO  c.m.d.k.t.e.s.c.i.TwitterKafkaConsumer - Documents saved to elasticsearch with ids 1605205924129423363
2022-12-20 14:18:34 [twitterTopicListener-0-C-1] INFO  c.m.d.k.t.e.s.c.i.TwitterKafkaConsumer - 4 number of message received with keys [801261966014681088, 1330748859790848000, 1426942623961452547, 2962828127], partitions [0, 0, 0, 0] and offsets [25, 26, 27, 28], sending it to elastic: Thread id 67
2022-12-20 14:18:34 [twitterTopicListener-1-C-1] INFO  c.m.d.k.t.e.s.c.i.TwitterKafkaConsumer - 5 number of message received with keys [1401391924754325512, 1600707842167558147, 16413921, 812970317329133568, 1047584528871686155], partitions [1, 1, 1, 1, 1] and offsets [33, 34, 35, 36, 37], sending it to elastic: Thread id 69
2022-12-20 14:18:34 [twitterTopicListener-0-C-1] INFO  c.m.d.e.i.c.s.i.TwitterElasticRepositoryIndexClient - Documents indexed successfully with type: com.microservices.demo.elastic.model.index.impl.TwitterIndexModel and ids: [1605205934204243968, 1605205948490043392, 1605205982329577472, 1605205990080745472]
2022-12-20 14:18:34 [twitterTopicListener-1-C-1] INFO  c.m.d.e.i.c.s.i.TwitterElasticRepositoryIndexClient - Documents indexed successfully with type: com.microservices.demo.elastic.model.index.impl.TwitterIndexModel and ids: [1605205957130207233, 1605205978835976194, 1605205979418738690, 1605205986427473921, 1605205995881472001]
2022-12-20 14:18:34 [twitterTopicListener-0-C-1] INFO  c.m.d.k.t.e.s.c.i.TwitterKafkaConsumer - Documents saved to elasticsearch with ids 1605205934204243968
2022-12-20 14:18:34 [twitterTopicListener-1-C-1] INFO  c.m.d.k.t.e.s.c.i.TwitterKafkaConsumer - Documents saved to elasticsearch with ids 1605205957130207233
2022-12-20 14:18:55 [twitterTopicListener-1-C-1] INFO  c.m.d.k.t.e.s.c.i.TwitterKafkaConsumer - 2 number of message received with keys [1516613631412105216, 1421560669112053760], partitions [1, 1] and offsets [38, 39], sending it to elastic: Thread id 69
2022-12-20 14:18:55 [twitterTopicListener-0-C-1] INFO  c.m.d.k.t.e.s.c.i.TwitterKafkaConsumer - 4 number of message received with keys [308560470, 1565111397179990016, 825471810053484545, 1597278665963864068], partitions [0, 0, 0, 0] and offsets [29, 30, 31, 32], sending it to elastic: Thread id 67
2022-12-20 14:18:55 [twitterTopicListener-1-C-1] INFO  c.m.d.e.i.c.s.i.TwitterElasticRepositoryIndexClient - Documents indexed successfully with type: com.microservices.demo.elastic.model.index.impl.TwitterIndexModel and ids: [1605205995231535104, 1605206004949745665]
2022-12-20 14:18:55 [twitterTopicListener-0-C-1] INFO  c.m.d.e.i.c.s.i.TwitterElasticRepositoryIndexClient - Documents indexed successfully with type: com.microservices.demo.elastic.model.index.impl.TwitterIndexModel and ids: [1605206023869956097, 1605206031923314689, 1605206039317868545, 1605206049924980736]
2022-12-20 14:18:55 [twitterTopicListener-1-C-1] INFO  c.m.d.k.t.e.s.c.i.TwitterKafkaConsumer - Documents saved to elasticsearch with ids 1605205995231535104
2022-12-20 14:18:55 [twitterTopicListener-0-C-1] INFO  c.m.d.k.t.e.s.c.i.TwitterKafkaConsumer - Documents saved to elasticsearch with ids 1605206023869956097
2022-12-20 14:18:55 [twitterTopicListener-0-C-1] INFO  c.m.d.k.t.e.s.c.i.TwitterKafkaConsumer - 1 number of message received with keys [955611879723827200], partitions [0] and offsets [33], sending it to elastic: Thread id 67
2022-12-20 14:18:55 [twitterTopicListener-0-C-1] INFO  c.m.d.e.i.c.s.i.TwitterElasticRepositoryIndexClient - Documents indexed successfully with type: com.microservices.demo.elastic.model.index.impl.TwitterIndexModel and ids: [1605206053364318208]
2022-12-20 14:18:55 [twitterTopicListener-0-C-1] INFO  c.m.d.k.t.e.s.c.i.TwitterKafkaConsumer - Documents saved to elasticsearch with ids 1605206053364318208
2022-12-20 14:18:55 [twitterTopicListener-0-C-1] INFO  c.m.d.k.t.e.s.c.i.TwitterKafkaConsumer - 6 number of message received with keys [1330748859790848000, 1326229153482354689, 973345724401422336, 1435035425907920903, 1159711150604521472, 1601221543601721345], partitions [0, 0, 0, 0, 0, 0] and offsets [34, 35, 36, 37, 38, 39], sending it to elastic: Thread id 67
2022-12-20 14:18:55 [twitterTopicListener-0-C-1] INFO  c.m.d.e.i.c.s.i.TwitterElasticRepositoryIndexClient - Documents indexed successfully with type: com.microservices.demo.elastic.model.index.impl.TwitterIndexModel and ids: [1605206057327988739, 1605206056145244167, 1605206072687398912, 1605206081588064257, 1605206087115874305, 1605206080099086336]
2022-12-20 14:18:55 [twitterTopicListener-0-C-1] INFO  c.m.d.k.t.e.s.c.i.TwitterKafkaConsumer - Documents saved to elasticsearch with ids 1605206057327988739
2022-12-20 14:19:00 [twitterTopicListener-1-C-1] INFO  o.a.k.clients.FetchSessionHandler - [Consumer clientId=consumer-twitterTopicListener-2, groupId=twitterTopicListener] Error sending fetch request (sessionId=340272917, epoch=316) to node 3: {}.
org.apache.kafka.common.errors.DisconnectException: null
2022-12-20 14:19:00 [kafka-coordinator-heartbeat-thread | twitterTopicListener] INFO  o.a.k.c.c.i.AbstractCoordinator - [Consumer clientId=consumer-twitterTopicListener-1, groupId=twitterTopicListener] Group coordinator kafka-broker-2:9092 (id: 2147483645 rack: null) is unavailable or invalid, will attempt rediscovery
